<?xml version="1.0" encoding="UTF-8" ?>
<testsuites>
  <testsuite errors="0" failures="0" hostname="MacBook-Air-de-Tatiana.local" id="0" name="MultiRegistryTest" package="com.google.appinventor.client" skipped="0" tests="2" time="0.086" timestamp="2016-06-19T15:48:50">
      <properties>
[...]
</properties>

      <testcase classname="com.google.appinventor.client.MultiRegistryTest" name="testClasses" time="0.006" />

      <testcase classname="com.google.appinventor.client.MultiRegistryTest" name="testObjects" time="0.003" />

      <system-out><![CDATA[]]></system-out>

      <system-err><![CDATA[]]></system-err>

  </testsuite>
  <testsuite errors="0" failures="0" hostname="MacBook-Air-de-Tatiana.local" id="1" name="RegistryTest" package="com.google.appinventor.client" skipped="0" tests="2" time="0.064" timestamp="2016-06-19T15:48:50">
      <properties>
[...]
</properties>

      <testcase classname="com.google.appinventor.client.RegistryTest" name="testClasses" time="0.011" />

      <testcase classname="com.google.appinventor.client.RegistryTest" name="testObjects" time="0.003" />

      <system-out><![CDATA[]]></system-out>

      <system-err><![CDATA[]]></system-err>

  </testsuite>
  <testsuite errors="0" failures="0" hostname="MacBook-Air-de-Tatiana.local" id="2" name="ComponentDatabaseTest" package="com.google.appinventor.client.editor.simple" skipped="0" tests="1" time="0.49" timestamp="2016-06-19T15:48:50">
      <properties>
[...]
</properties>

      <testcase classname="com.google.appinventor.client.editor.simple.ComponentDatabaseTest" name="testComponentDatabase" time="0.441" />

      <system-out><![CDATA[]]></system-out>

      <system-err><![CDATA[]]></system-err>

  </testsuite>
  <testsuite errors="0" failures="0" hostname="MacBook-Air-de-Tatiana.local" id="3" name="ListWithNoneTest" package="com.google.appinventor.client.editor.youngandroid.properties" skipped="0" tests="9" time="0.059" timestamp="2016-06-19T15:48:51">
      <properties>
[...]
</properties>

      <testcase classname="com.google.appinventor.client.editor.youngandroid.properties.ListWithNoneTest" name="testNew" time="0.002" />

      <testcase classname="com.google.appinventor.client.editor.youngandroid.properties.ListWithNoneTest" name="testAddItem" time="0.002" />

      <testcase classname="com.google.appinventor.client.editor.youngandroid.properties.ListWithNoneTest" name="testAddItemWithDifferentDisplayItem" time="0.0" />

      <testcase classname="com.google.appinventor.client.editor.youngandroid.properties.ListWithNoneTest" name="testSelectValue" time="0.0" />

      <testcase classname="com.google.appinventor.client.editor.youngandroid.properties.ListWithNoneTest" name="testRemoveValue" time="0.0" />

      <testcase classname="com.google.appinventor.client.editor.youngandroid.properties.ListWithNoneTest" name="testGetValueAtIndex" time="0.001" />

      <testcase classname="com.google.appinventor.client.editor.youngandroid.properties.ListWithNoneTest" name="testIndexOfValue" time="0.0" />

      <testcase classname="com.google.appinventor.client.editor.youngandroid.properties.ListWithNoneTest" name="testContainsValue" time="0.0" />

      <testcase classname="com.google.appinventor.client.editor.youngandroid.properties.ListWithNoneTest" name="testGetDisplayItemForValue" time="0.0" />

      <system-out><![CDATA[]]></system-out>

      <system-err><![CDATA[]]></system-err>

  </testsuite>
  <testsuite errors="0" failures="0" hostname="MacBook-Air-de-Tatiana.local" id="4" name="ProjectComparatorsTest" package="com.google.appinventor.client.explorer.project" skipped="0" tests="6" time="0.073" timestamp="2016-06-19T15:48:51">
      <properties>
[...]
</properties>

      <testcase classname="com.google.appinventor.client.explorer.project.ProjectComparatorsTest" name="testCompareByNameAscending" time="0.013" />

      <testcase classname="com.google.appinventor.client.explorer.project.ProjectComparatorsTest" name="testCompareByNameDescending" time="0.004" />

      <testcase classname="com.google.appinventor.client.explorer.project.ProjectComparatorsTest" name="testCompareByDateCreatedAscending" time="0.0" />

      <testcase classname="com.google.appinventor.client.explorer.project.ProjectComparatorsTest" name="testCompareByDateDescending" time="0.0" />

      <testcase classname="com.google.appinventor.client.explorer.project.ProjectComparatorsTest" name="testCompareByDateModifiedAscending" time="0.001" />

      <testcase classname="com.google.appinventor.client.explorer.project.ProjectComparatorsTest" name="testCompareByDateModifiedDescending" time="0.0" />

      <system-out><![CDATA[]]></system-out>

      <system-err><![CDATA[]]></system-err>

  </testsuite>
  <testsuite errors="0" failures="0" hostname="MacBook-Air-de-Tatiana.local" id="5" name="TextValidatorsTest" package="com.google.appinventor.client.youngandroid" skipped="0" tests="2" time="0.062" timestamp="2016-06-19T15:48:52">
      <properties>
[...]
</properties>

      <testcase classname="com.google.appinventor.client.youngandroid.TextValidatorsTest" name="testIdentifierFilter" time="0.004" />

      <testcase classname="com.google.appinventor.client.youngandroid.TextValidatorsTest" name="testComponentIdentifierFilter" time="0.007" />

      <system-out><![CDATA[]]></system-out>

      <system-err><![CDATA[]]></system-err>

  </testsuite>
  <testsuite errors="0" failures="0" hostname="MacBook-Air-de-Tatiana.local" id="6" name="DownloadServletTest" package="com.google.appinventor.server" skipped="0" tests="10" time="1.346" timestamp="2016-06-19T15:49:04">
      <properties>
[...]
</properties>

      <testcase classname="com.google.appinventor.server.DownloadServletTest" name="testDownloadProjectSourceZipWithTitle" time="0.349" />

      <testcase classname="com.google.appinventor.server.DownloadServletTest" name="testDownloadProjectSourceZipWithNonExistingProject" time="0.024" />

      <testcase classname="com.google.appinventor.server.DownloadServletTest" name="testDownloadProjectOutputFileWithoutTarget" time="0.012" />

      <testcase classname="com.google.appinventor.server.DownloadServletTest" name="testDownloadProjectOutputFileWithTarget" time="0.011" />

      <testcase classname="com.google.appinventor.server.DownloadServletTest" name="testDownloadProjectOutputFileWithNonExistingProject" time="0.011" />

      <testcase classname="com.google.appinventor.server.DownloadServletTest" name="testDownloadProjectOutputFileWithNonExistingTarget" time="0.01" />

      <testcase classname="com.google.appinventor.server.DownloadServletTest" name="testDownloadFile" time="0.01" />

      <testcase classname="com.google.appinventor.server.DownloadServletTest" name="testDownloadFileWithNonExistingProject" time="0.011" />

      <testcase classname="com.google.appinventor.server.DownloadServletTest" name="testDownloadFileWithNonExistingFile" time="0.01" />

      <testcase classname="com.google.appinventor.server.DownloadServletTest" name="testDownloadProjectSourceZipWithoutTitle" time="0.008" />

      <system-out><![CDATA[]]></system-out>

      <system-err><![CDATA[jun 19, 2016 5:49:05 PM com.google.appinventor.server.CrashReport createAndLogError
SEVERE: null: user=1
build.version=
git.build.version=v1.2-2-g8dd6cf5-dirty
request.details=com.riq.MockHttpServletRequest@38d9e447

java.lang.IllegalArgumentException
	at org.easymock.internal.MockInvocationHandler.invoke(MockInvocationHandler.java:47)
	at org.easymock.internal.ObjectMethodsFilter.invoke(ObjectMethodsFilter.java:73)
	at org.easymock.internal.ClassProxyFactory$MockMethodInterceptor.intercept(ClassProxyFactory.java:92)
	at com.google.appinventor.server.FileExporterImpl$$EnhancerByCGLIB$$6bb951d1.exportProjectSourceZip(<generated>)
	at com.google.appinventor.server.DownloadServlet.doGet(DownloadServlet.java:128)
	at com.google.appinventor.server.DownloadServletTest.testDownloadProjectSourceZipWithNonExistingProject(DownloadServletTest.java:116)
	at sun.reflect.NativeMethodAccessorImpl.invoke0(Native Method)
	at sun.reflect.NativeMethodAccessorImpl.invoke(NativeMethodAccessorImpl.java:57)
	at sun.reflect.DelegatingMethodAccessorImpl.invoke(DelegatingMethodAccessorImpl.java:43)
	at java.lang.reflect.Method.invoke(Method.java:606)
	at org.junit.internal.runners.TestMethod.invoke(TestMethod.java:66)
	at org.powermock.modules.junit4.internal.impl.PowerMockJUnit44RunnerDelegateImpl$PowerMockJUnit44MethodRunner.runTestMethod(PowerMockJUnit44RunnerDelegateImpl.java:307)
	at org.junit.internal.runners.MethodRoadie$2.run(MethodRoadie.java:86)
	at org.junit.internal.runners.MethodRoadie.runBeforesThenTestThenAfters(MethodRoadie.java:94)
	at org.powermock.modules.junit4.internal.impl.PowerMockJUnit44RunnerDelegateImpl$PowerMockJUnit44MethodRunner.executeTest(PowerMockJUnit44RunnerDelegateImpl.java:294)
	at org.powermock.modules.junit4.internal.impl.PowerMockJUnit47RunnerDelegateImpl$PowerMockJUnit47MethodRunner.executeTestInSuper(PowerMockJUnit47RunnerDelegateImpl.java:112)
	at org.powermock.modules.junit4.internal.impl.PowerMockJUnit47RunnerDelegateImpl$PowerMockJUnit47MethodRunner.executeTest(PowerMockJUnit47RunnerDelegateImpl.java:73)
	at org.powermock.modules.junit4.internal.impl.PowerMockJUnit44RunnerDelegateImpl$PowerMockJUnit44MethodRunner.runBeforesThenTestThenAfters(PowerMockJUnit44RunnerDelegateImpl.java:282)
	at org.junit.internal.runners.MethodRoadie.runTest(MethodRoadie.java:84)
	at org.junit.internal.runners.MethodRoadie.run(MethodRoadie.java:49)
	at org.powermock.modules.junit4.internal.impl.PowerMockJUnit44RunnerDelegateImpl.invokeTestMethod(PowerMockJUnit44RunnerDelegateImpl.java:207)
	at org.powermock.modules.junit4.internal.impl.PowerMockJUnit44RunnerDelegateImpl.runMethods(PowerMockJUnit44RunnerDelegateImpl.java:146)
	at org.powermock.modules.junit4.internal.impl.PowerMockJUnit44RunnerDelegateImpl$1.run(PowerMockJUnit44RunnerDelegateImpl.java:120)
	at org.junit.internal.runners.ClassRoadie.runUnprotected(ClassRoadie.java:34)
	at org.junit.internal.runners.ClassRoadie.runProtected(ClassRoadie.java:44)
	at org.powermock.modules.junit4.internal.impl.PowerMockJUnit44RunnerDelegateImpl.run(PowerMockJUnit44RunnerDelegateImpl.java:118)
	at org.powermock.modules.junit4.common.internal.impl.JUnit4TestSuiteChunkerImpl.run(JUnit4TestSuiteChunkerImpl.java:102)
	at org.powermock.modules.junit4.common.internal.impl.AbstractCommonPowerMockRunner.run(AbstractCommonPowerMockRunner.java:53)
	at junit.framework.JUnit4TestAdapter.run(JUnit4TestAdapter.java:39)
	at org.apache.tools.ant.taskdefs.optional.junit.JUnitTestRunner.run(JUnitTestRunner.java:532)
	at org.apache.tools.ant.taskdefs.optional.junit.JUnitTestRunner.launch(JUnitTestRunner.java:1179)
	at org.apache.tools.ant.taskdefs.optional.junit.JUnitTestRunner.main(JUnitTestRunner.java:1030)

jun 19, 2016 5:49:05 PM com.google.appinventor.server.CrashReport createAndLogError
SEVERE: null: user=1
build.version=
git.build.version=v1.2-2-g8dd6cf5-dirty
request.details=com.riq.MockHttpServletRequest@2a4d21f4

java.lang.IllegalArgumentException
	at org.easymock.internal.MockInvocationHandler.invoke(MockInvocationHandler.java:47)
	at org.easymock.internal.ObjectMethodsFilter.invoke(ObjectMethodsFilter.java:73)
	at org.easymock.internal.ClassProxyFactory$MockMethodInterceptor.intercept(ClassProxyFactory.java:92)
	at com.google.appinventor.server.FileExporterImpl$$EnhancerByCGLIB$$6bb951d1.exportProjectOutputFile(<generated>)
	at com.google.appinventor.server.DownloadServlet.doGet(DownloadServlet.java:114)
	at com.google.appinventor.server.DownloadServletTest.testDownloadProjectOutputFileWithNonExistingProject(DownloadServletTest.java:166)
	at sun.reflect.NativeMethodAccessorImpl.invoke0(Native Method)
	at sun.reflect.NativeMethodAccessorImpl.invoke(NativeMethodAccessorImpl.java:57)
	at sun.reflect.DelegatingMethodAccessorImpl.invoke(DelegatingMethodAccessorImpl.java:43)
	at java.lang.reflect.Method.invoke(Method.java:606)
	at org.junit.internal.runners.TestMethod.invoke(TestMethod.java:66)
	at org.powermock.modules.junit4.internal.impl.PowerMockJUnit44RunnerDelegateImpl$PowerMockJUnit44MethodRunner.runTestMethod(PowerMockJUnit44RunnerDelegateImpl.java:307)
	at org.junit.internal.runners.MethodRoadie$2.run(MethodRoadie.java:86)
	at org.junit.internal.runners.MethodRoadie.runBeforesThenTestThenAfters(MethodRoadie.java:94)
	at org.powermock.modules.junit4.internal.impl.PowerMockJUnit44RunnerDelegateImpl$PowerMockJUnit44MethodRunner.executeTest(PowerMockJUnit44RunnerDelegateImpl.java:294)
	at org.powermock.modules.junit4.internal.impl.PowerMockJUnit47RunnerDelegateImpl$PowerMockJUnit47MethodRunner.executeTestInSuper(PowerMockJUnit47RunnerDelegateImpl.java:112)
	at org.powermock.modules.junit4.internal.impl.PowerMockJUnit47RunnerDelegateImpl$PowerMockJUnit47MethodRunner.executeTest(PowerMockJUnit47RunnerDelegateImpl.java:73)
	at org.powermock.modules.junit4.internal.impl.PowerMockJUnit44RunnerDelegateImpl$PowerMockJUnit44MethodRunner.runBeforesThenTestThenAfters(PowerMockJUnit44RunnerDelegateImpl.java:282)
	at org.junit.internal.runners.MethodRoadie.runTest(MethodRoadie.java:84)
	at org.junit.internal.runners.MethodRoadie.run(MethodRoadie.java:49)
	at org.powermock.modules.junit4.internal.impl.PowerMockJUnit44RunnerDelegateImpl.invokeTestMethod(PowerMockJUnit44RunnerDelegateImpl.java:207)
	at org.powermock.modules.junit4.internal.impl.PowerMockJUnit44RunnerDelegateImpl.runMethods(PowerMockJUnit44RunnerDelegateImpl.java:146)
	at org.powermock.modules.junit4.internal.impl.PowerMockJUnit44RunnerDelegateImpl$1.run(PowerMockJUnit44RunnerDelegateImpl.java:120)
	at org.junit.internal.runners.ClassRoadie.runUnprotected(ClassRoadie.java:34)
	at org.junit.internal.runners.ClassRoadie.runProtected(ClassRoadie.java:44)
	at org.powermock.modules.junit4.internal.impl.PowerMockJUnit44RunnerDelegateImpl.run(PowerMockJUnit44RunnerDelegateImpl.java:118)
	at org.powermock.modules.junit4.common.internal.impl.JUnit4TestSuiteChunkerImpl.run(JUnit4TestSuiteChunkerImpl.java:102)
	at org.powermock.modules.junit4.common.internal.impl.AbstractCommonPowerMockRunner.run(AbstractCommonPowerMockRunner.java:53)
	at junit.framework.JUnit4TestAdapter.run(JUnit4TestAdapter.java:39)
	at org.apache.tools.ant.taskdefs.optional.junit.JUnitTestRunner.run(JUnitTestRunner.java:532)
	at org.apache.tools.ant.taskdefs.optional.junit.JUnitTestRunner.launch(JUnitTestRunner.java:1179)
	at org.apache.tools.ant.taskdefs.optional.junit.JUnitTestRunner.main(JUnitTestRunner.java:1030)

jun 19, 2016 5:49:05 PM com.google.appinventor.server.CrashReport createAndLogError
SEVERE: null: user=1
build.version=
git.build.version=v1.2-2-g8dd6cf5-dirty
request.details=com.riq.MockHttpServletRequest@f5c5bba

java.lang.IllegalArgumentException
	at org.easymock.internal.MockInvocationHandler.invoke(MockInvocationHandler.java:47)
	at org.easymock.internal.ObjectMethodsFilter.invoke(ObjectMethodsFilter.java:73)
	at org.easymock.internal.ClassProxyFactory$MockMethodInterceptor.intercept(ClassProxyFactory.java:92)
	at com.google.appinventor.server.FileExporterImpl$$EnhancerByCGLIB$$6bb951d1.exportProjectOutputFile(<generated>)
	at com.google.appinventor.server.DownloadServlet.doGet(DownloadServlet.java:114)
	at com.google.appinventor.server.DownloadServletTest.testDownloadProjectOutputFileWithNonExistingTarget(DownloadServletTest.java:184)
	at sun.reflect.NativeMethodAccessorImpl.invoke0(Native Method)
	at sun.reflect.NativeMethodAccessorImpl.invoke(NativeMethodAccessorImpl.java:57)
	at sun.reflect.DelegatingMethodAccessorImpl.invoke(DelegatingMethodAccessorImpl.java:43)
	at java.lang.reflect.Method.invoke(Method.java:606)
	at org.junit.internal.runners.TestMethod.invoke(TestMethod.java:66)
	at org.powermock.modules.junit4.internal.impl.PowerMockJUnit44RunnerDelegateImpl$PowerMockJUnit44MethodRunner.runTestMethod(PowerMockJUnit44RunnerDelegateImpl.java:307)
	at org.junit.internal.runners.MethodRoadie$2.run(MethodRoadie.java:86)
	at org.junit.internal.runners.MethodRoadie.runBeforesThenTestThenAfters(MethodRoadie.java:94)
	at org.powermock.modules.junit4.internal.impl.PowerMockJUnit44RunnerDelegateImpl$PowerMockJUnit44MethodRunner.executeTest(PowerMockJUnit44RunnerDelegateImpl.java:294)
	at org.powermock.modules.junit4.internal.impl.PowerMockJUnit47RunnerDelegateImpl$PowerMockJUnit47MethodRunner.executeTestInSuper(PowerMockJUnit47RunnerDelegateImpl.java:112)
	at org.powermock.modules.junit4.internal.impl.PowerMockJUnit47RunnerDelegateImpl$PowerMockJUnit47MethodRunner.executeTest(PowerMockJUnit47RunnerDelegateImpl.java:73)
	at org.powermock.modules.junit4.internal.impl.PowerMockJUnit44RunnerDelegateImpl$PowerMockJUnit44MethodRunner.runBeforesThenTestThenAfters(PowerMockJUnit44RunnerDelegateImpl.java:282)
	at org.junit.internal.runners.MethodRoadie.runTest(MethodRoadie.java:84)
	at org.junit.internal.runners.MethodRoadie.run(MethodRoadie.java:49)
	at org.powermock.modules.junit4.internal.impl.PowerMockJUnit44RunnerDelegateImpl.invokeTestMethod(PowerMockJUnit44RunnerDelegateImpl.java:207)
	at org.powermock.modules.junit4.internal.impl.PowerMockJUnit44RunnerDelegateImpl.runMethods(PowerMockJUnit44RunnerDelegateImpl.java:146)
	at org.powermock.modules.junit4.internal.impl.PowerMockJUnit44RunnerDelegateImpl$1.run(PowerMockJUnit44RunnerDelegateImpl.java:120)
	at org.junit.internal.runners.ClassRoadie.runUnprotected(ClassRoadie.java:34)
	at org.junit.internal.runners.ClassRoadie.runProtected(ClassRoadie.java:44)
	at org.powermock.modules.junit4.internal.impl.PowerMockJUnit44RunnerDelegateImpl.run(PowerMockJUnit44RunnerDelegateImpl.java:118)
	at org.powermock.modules.junit4.common.internal.impl.JUnit4TestSuiteChunkerImpl.run(JUnit4TestSuiteChunkerImpl.java:102)
	at org.powermock.modules.junit4.common.internal.impl.AbstractCommonPowerMockRunner.run(AbstractCommonPowerMockRunner.java:53)
	at junit.framework.JUnit4TestAdapter.run(JUnit4TestAdapter.java:39)
	at org.apache.tools.ant.taskdefs.optional.junit.JUnitTestRunner.run(JUnitTestRunner.java:532)
	at org.apache.tools.ant.taskdefs.optional.junit.JUnitTestRunner.launch(JUnitTestRunner.java:1179)
	at org.apache.tools.ant.taskdefs.optional.junit.JUnitTestRunner.main(JUnitTestRunner.java:1030)

jun 19, 2016 5:49:05 PM com.google.appinventor.server.CrashReport createAndLogError
SEVERE: null: user=1
build.version=
git.build.version=v1.2-2-g8dd6cf5-dirty
request.details=com.riq.MockHttpServletRequest@edbf7a2

java.lang.IllegalArgumentException
	at org.easymock.internal.MockInvocationHandler.invoke(MockInvocationHandler.java:47)
	at org.easymock.internal.ObjectMethodsFilter.invoke(ObjectMethodsFilter.java:73)
	at org.easymock.internal.ClassProxyFactory$MockMethodInterceptor.intercept(ClassProxyFactory.java:92)
	at com.google.appinventor.server.FileExporterImpl$$EnhancerByCGLIB$$6bb951d1.exportFile(<generated>)
	at com.google.appinventor.server.DownloadServlet.doGet(DownloadServlet.java:199)
	at com.google.appinventor.server.DownloadServletTest.testDownloadFileWithNonExistingProject(DownloadServletTest.java:217)
	at sun.reflect.NativeMethodAccessorImpl.invoke0(Native Method)
	at sun.reflect.NativeMethodAccessorImpl.invoke(NativeMethodAccessorImpl.java:57)
	at sun.reflect.DelegatingMethodAccessorImpl.invoke(DelegatingMethodAccessorImpl.java:43)
	at java.lang.reflect.Method.invoke(Method.java:606)
	at org.junit.internal.runners.TestMethod.invoke(TestMethod.java:66)
	at org.powermock.modules.junit4.internal.impl.PowerMockJUnit44RunnerDelegateImpl$PowerMockJUnit44MethodRunner.runTestMethod(PowerMockJUnit44RunnerDelegateImpl.java:307)
	at org.junit.internal.runners.MethodRoadie$2.run(MethodRoadie.java:86)
	at org.junit.internal.runners.MethodRoadie.runBeforesThenTestThenAfters(MethodRoadie.java:94)
	at org.powermock.modules.junit4.internal.impl.PowerMockJUnit44RunnerDelegateImpl$PowerMockJUnit44MethodRunner.executeTest(PowerMockJUnit44RunnerDelegateImpl.java:294)
	at org.powermock.modules.junit4.internal.impl.PowerMockJUnit47RunnerDelegateImpl$PowerMockJUnit47MethodRunner.executeTestInSuper(PowerMockJUnit47RunnerDelegateImpl.java:112)
	at org.powermock.modules.junit4.internal.impl.PowerMockJUnit47RunnerDelegateImpl$PowerMockJUnit47MethodRunner.executeTest(PowerMockJUnit47RunnerDelegateImpl.java:73)
	at org.powermock.modules.junit4.internal.impl.PowerMockJUnit44RunnerDelegateImpl$PowerMockJUnit44MethodRunner.runBeforesThenTestThenAfters(PowerMockJUnit44RunnerDelegateImpl.java:282)
	at org.junit.internal.runners.MethodRoadie.runTest(MethodRoadie.java:84)
	at org.junit.internal.runners.MethodRoadie.run(MethodRoadie.java:49)
	at org.powermock.modules.junit4.internal.impl.PowerMockJUnit44RunnerDelegateImpl.invokeTestMethod(PowerMockJUnit44RunnerDelegateImpl.java:207)
	at org.powermock.modules.junit4.internal.impl.PowerMockJUnit44RunnerDelegateImpl.runMethods(PowerMockJUnit44RunnerDelegateImpl.java:146)
	at org.powermock.modules.junit4.internal.impl.PowerMockJUnit44RunnerDelegateImpl$1.run(PowerMockJUnit44RunnerDelegateImpl.java:120)
	at org.junit.internal.runners.ClassRoadie.runUnprotected(ClassRoadie.java:34)
	at org.junit.internal.runners.ClassRoadie.runProtected(ClassRoadie.java:44)
	at org.powermock.modules.junit4.internal.impl.PowerMockJUnit44RunnerDelegateImpl.run(PowerMockJUnit44RunnerDelegateImpl.java:118)
	at org.powermock.modules.junit4.common.internal.impl.JUnit4TestSuiteChunkerImpl.run(JUnit4TestSuiteChunkerImpl.java:102)
	at org.powermock.modules.junit4.common.internal.impl.AbstractCommonPowerMockRunner.run(AbstractCommonPowerMockRunner.java:53)
	at junit.framework.JUnit4TestAdapter.run(JUnit4TestAdapter.java:39)
	at org.apache.tools.ant.taskdefs.optional.junit.JUnitTestRunner.run(JUnitTestRunner.java:532)
	at org.apache.tools.ant.taskdefs.optional.junit.JUnitTestRunner.launch(JUnitTestRunner.java:1179)
	at org.apache.tools.ant.taskdefs.optional.junit.JUnitTestRunner.main(JUnitTestRunner.java:1030)

jun 19, 2016 5:49:05 PM com.google.appinventor.server.CrashReport createAndLogError
SEVERE: null: user=1
build.version=
git.build.version=v1.2-2-g8dd6cf5-dirty
request.details=com.riq.MockHttpServletRequest@2de7c7a3

java.lang.IllegalArgumentException
	at org.easymock.internal.MockInvocationHandler.invoke(MockInvocationHandler.java:47)
	at org.easymock.internal.ObjectMethodsFilter.invoke(ObjectMethodsFilter.java:73)
	at org.easymock.internal.ClassProxyFactory$MockMethodInterceptor.intercept(ClassProxyFactory.java:92)
	at com.google.appinventor.server.FileExporterImpl$$EnhancerByCGLIB$$6bb951d1.exportFile(<generated>)
	at com.google.appinventor.server.DownloadServlet.doGet(DownloadServlet.java:199)
	at com.google.appinventor.server.DownloadServletTest.testDownloadFileWithNonExistingFile(DownloadServletTest.java:236)
	at sun.reflect.NativeMethodAccessorImpl.invoke0(Native Method)
	at sun.reflect.NativeMethodAccessorImpl.invoke(NativeMethodAccessorImpl.java:57)
	at sun.reflect.DelegatingMethodAccessorImpl.invoke(DelegatingMethodAccessorImpl.java:43)
	at java.lang.reflect.Method.invoke(Method.java:606)
	at org.junit.internal.runners.TestMethod.invoke(TestMethod.java:66)
	at org.powermock.modules.junit4.internal.impl.PowerMockJUnit44RunnerDelegateImpl$PowerMockJUnit44MethodRunner.runTestMethod(PowerMockJUnit44RunnerDelegateImpl.java:307)
	at org.junit.internal.runners.MethodRoadie$2.run(MethodRoadie.java:86)
	at org.junit.internal.runners.MethodRoadie.runBeforesThenTestThenAfters(MethodRoadie.java:94)
	at org.powermock.modules.junit4.internal.impl.PowerMockJUnit44RunnerDelegateImpl$PowerMockJUnit44MethodRunner.executeTest(PowerMockJUnit44RunnerDelegateImpl.java:294)
	at org.powermock.modules.junit4.internal.impl.PowerMockJUnit47RunnerDelegateImpl$PowerMockJUnit47MethodRunner.executeTestInSuper(PowerMockJUnit47RunnerDelegateImpl.java:112)
	at org.powermock.modules.junit4.internal.impl.PowerMockJUnit47RunnerDelegateImpl$PowerMockJUnit47MethodRunner.executeTest(PowerMockJUnit47RunnerDelegateImpl.java:73)
	at org.powermock.modules.junit4.internal.impl.PowerMockJUnit44RunnerDelegateImpl$PowerMockJUnit44MethodRunner.runBeforesThenTestThenAfters(PowerMockJUnit44RunnerDelegateImpl.java:282)
	at org.junit.internal.runners.MethodRoadie.runTest(MethodRoadie.java:84)
	at org.junit.internal.runners.MethodRoadie.run(MethodRoadie.java:49)
	at org.powermock.modules.junit4.internal.impl.PowerMockJUnit44RunnerDelegateImpl.invokeTestMethod(PowerMockJUnit44RunnerDelegateImpl.java:207)
	at org.powermock.modules.junit4.internal.impl.PowerMockJUnit44RunnerDelegateImpl.runMethods(PowerMockJUnit44RunnerDelegateImpl.java:146)
	at org.powermock.modules.junit4.internal.impl.PowerMockJUnit44RunnerDelegateImpl$1.run(PowerMockJUnit44RunnerDelegateImpl.java:120)
	at org.junit.internal.runners.ClassRoadie.runUnprotected(ClassRoadie.java:34)
	at org.junit.internal.runners.ClassRoadie.runProtected(ClassRoadie.java:44)
	at org.powermock.modules.junit4.internal.impl.PowerMockJUnit44RunnerDelegateImpl.run(PowerMockJUnit44RunnerDelegateImpl.java:118)
	at org.powermock.modules.junit4.common.internal.impl.JUnit4TestSuiteChunkerImpl.run(JUnit4TestSuiteChunkerImpl.java:102)
	at org.powermock.modules.junit4.common.internal.impl.AbstractCommonPowerMockRunner.run(AbstractCommonPowerMockRunner.java:53)
	at junit.framework.JUnit4TestAdapter.run(JUnit4TestAdapter.java:39)
	at org.apache.tools.ant.taskdefs.optional.junit.JUnitTestRunner.run(JUnitTestRunner.java:532)
	at org.apache.tools.ant.taskdefs.optional.junit.JUnitTestRunner.launch(JUnitTestRunner.java:1179)
	at org.apache.tools.ant.taskdefs.optional.junit.JUnitTestRunner.main(JUnitTestRunner.java:1030)

]]></system-err>

  </testsuite>
  <testsuite errors="0" failures="0" hostname="MacBook-Air-de-Tatiana.local" id="7" name="FileExporterImplTest" package="com.google.appinventor.server" skipped="0" tests="7" time="2.397" timestamp="2016-06-19T15:49:06">
      <properties>
[...]
</properties>

      <testcase classname="com.google.appinventor.server.FileExporterImplTest" name="testExportProjectSourceZipWithoutHistory" time="1.807" />

      <testcase classname="com.google.appinventor.server.FileExporterImplTest" name="testExportProjectSourceZipWithHistory" time="0.092" />

      <testcase classname="com.google.appinventor.server.FileExporterImplTest" name="testExportProjectSourceZipWithNonExistingProject" time="0.083" />

      <testcase classname="com.google.appinventor.server.FileExporterImplTest" name="testExportProjectOutputFileWithTarget" time="0.116" />

      <testcase classname="com.google.appinventor.server.FileExporterImplTest" name="testExportProjectOutputFileWithNonExistingTraget" time="0.076" />

      <testcase classname="com.google.appinventor.server.FileExporterImplTest" name="testExportFile" time="0.075" />

      <testcase classname="com.google.appinventor.server.FileExporterImplTest" name="testExportFileWithNonExistingFile" time="0.081" />

      <system-out><![CDATA[]]></system-out>

      <system-err><![CDATA[jun 19, 2016 3:49:07 PM com.google.appinventor.server.storage.ObjectifyStorageIo <clinit>
INFO: Default GCS Bucket Configured from App Identity: app_default_bucket
jun 19, 2016 3:49:07 PM com.google.appinventor.server.storage.ObjectifyStorageIo <init>
INFO: RetryParams: getInitialRetryDelayMillis() = 100
jun 19, 2016 3:49:07 PM com.google.appinventor.server.storage.ObjectifyStorageIo <init>
INFO: RetryParams: getRequestTimeoutMillis() = 30000
jun 19, 2016 3:49:07 PM com.google.appinventor.server.storage.ObjectifyStorageIo <init>
INFO: RetryParams: getRetryDelayBackoffFactor() = 2.0
jun 19, 2016 3:49:07 PM com.google.appinventor.server.storage.ObjectifyStorageIo <init>
INFO: RetryParams: getRetryMaxAttempts() = 10
jun 19, 2016 3:49:07 PM com.google.appinventor.server.storage.ObjectifyStorageIo <init>
INFO: RetryParams: getRetryMinAttempts() = 3
jun 19, 2016 3:49:07 PM com.google.appinventor.server.storage.ObjectifyStorageIo <init>
INFO: RetryParams: getTotalRetryPeriodMillis() = 10000
jun 19, 2016 3:49:07 PM com.google.appengine.api.datastore.dev.LocalDatastoreService init
INFO: Local Datastore initialized: 
	Type: Master/Slave
	Storage: In-memory
jun 19, 2016 3:49:08 PM com.google.appengine.api.datastore.dev.LocalDatastoreService init
INFO: Local Datastore initialized: 
	Type: Master/Slave
	Storage: In-memory
jun 19, 2016 3:49:08 PM com.google.appengine.api.datastore.dev.LocalDatastoreService init
INFO: Local Datastore initialized: 
	Type: Master/Slave
	Storage: In-memory
jun 19, 2016 3:49:08 PM com.google.appengine.api.datastore.dev.LocalDatastoreService init
INFO: Local Datastore initialized: 
	Type: Master/Slave
	Storage: In-memory
jun 19, 2016 3:49:08 PM com.google.appengine.api.datastore.dev.LocalDatastoreService init
INFO: Local Datastore initialized: 
	Type: Master/Slave
	Storage: In-memory
jun 19, 2016 3:49:08 PM com.google.appengine.api.datastore.dev.LocalDatastoreService init
INFO: Local Datastore initialized: 
	Type: Master/Slave
	Storage: In-memory
jun 19, 2016 3:49:08 PM com.google.appengine.api.datastore.dev.LocalDatastoreService init
INFO: Local Datastore initialized: 
	Type: Master/Slave
	Storage: In-memory
jun 19, 2016 3:49:08 PM com.google.appinventor.server.CrashReport createAndLogError
SEVERE: java.io.FileNotFoundException: No data for com.yourdomain.Screen11: user=1, project=1, file=com.yourdomain.Screen11
build.version=
git.build.version=v1.2-2-g8dd6cf5-dirty

java.lang.RuntimeException: java.io.FileNotFoundException: No data for com.yourdomain.Screen11
	at com.google.appinventor.server.CrashReport.createAndLogError(CrashReport.java:45)
	at com.google.appinventor.server.storage.ObjectifyStorageIo.downloadRawFile(ObjectifyStorageIo.java:1863)
	at com.google.appinventor.server.FileExporterImpl.exportFile(FileExporterImpl.java:152)
	at com.google.appinventor.server.FileExporterImplTest.testExportFileWithNonExistingFile(FileExporterImplTest.java:162)
	at sun.reflect.NativeMethodAccessorImpl.invoke0(Native Method)
	at sun.reflect.NativeMethodAccessorImpl.invoke(NativeMethodAccessorImpl.java:57)
	at sun.reflect.DelegatingMethodAccessorImpl.invoke(DelegatingMethodAccessorImpl.java:43)
	at java.lang.reflect.Method.invoke(Method.java:606)
	at junit.framework.TestCase.runTest(TestCase.java:168)
	at junit.framework.TestCase.runBare(TestCase.java:134)
	at junit.framework.TestResult$1.protect(TestResult.java:110)
	at junit.framework.TestResult.runProtected(TestResult.java:128)
	at junit.framework.TestResult.run(TestResult.java:113)
	at junit.framework.TestCase.run(TestCase.java:124)
	at junit.framework.TestSuite.runTest(TestSuite.java:243)
	at junit.framework.TestSuite.run(TestSuite.java:238)
	at org.apache.tools.ant.taskdefs.optional.junit.JUnitTestRunner.run(JUnitTestRunner.java:532)
	at org.apache.tools.ant.taskdefs.optional.junit.JUnitTestRunner.launch(JUnitTestRunner.java:1179)
	at org.apache.tools.ant.taskdefs.optional.junit.JUnitTestRunner.main(JUnitTestRunner.java:1030)
Caused by: java.io.FileNotFoundException: No data for com.yourdomain.Screen11
	... 18 more

]]></system-err>

  </testsuite>
  <testsuite errors="0" failures="0" hostname="MacBook-Air-de-Tatiana.local" id="8" name="FileImporterImplTest" package="com.google.appinventor.server" skipped="0" tests="8" time="1.568" timestamp="2016-06-19T15:49:09">
      <properties>
[...]
</properties>

      <testcase classname="com.google.appinventor.server.FileImporterImplTest" name="testImportProject_withoutProjectHistory" time="1.135" />

      <testcase classname="com.google.appinventor.server.FileImporterImplTest" name="testImportProject_withProjectHistory" time="0.043" />

      <testcase classname="com.google.appinventor.server.FileImporterImplTest" name="testEmptyZip" time="0.022" />

      <testcase classname="com.google.appinventor.server.FileImporterImplTest" name="testBuggyZip" time="0.024" />

      <testcase classname="com.google.appinventor.server.FileImporterImplTest" name="testNotAValidProjectArchive" time="0.019" />

      <testcase classname="com.google.appinventor.server.FileImporterImplTest" name="testImportProject" time="0.047" />

      <testcase classname="com.google.appinventor.server.FileImporterImplTest" name="testImportProject_withAssets" time="0.178" />

      <testcase classname="com.google.appinventor.server.FileImporterImplTest" name="testProjectNameUsed" time="0.043" />

      <system-out><![CDATA[]]></system-out>

      <system-err><![CDATA[jun 19, 2016 3:49:09 PM com.google.appinventor.server.storage.ObjectifyStorageIo <clinit>
INFO: Default GCS Bucket Configured from App Identity: app_default_bucket
jun 19, 2016 3:49:09 PM com.google.appinventor.server.storage.ObjectifyStorageIo <init>
INFO: RetryParams: getInitialRetryDelayMillis() = 100
jun 19, 2016 3:49:09 PM com.google.appinventor.server.storage.ObjectifyStorageIo <init>
INFO: RetryParams: getRequestTimeoutMillis() = 30000
jun 19, 2016 3:49:09 PM com.google.appinventor.server.storage.ObjectifyStorageIo <init>
INFO: RetryParams: getRetryDelayBackoffFactor() = 2.0
jun 19, 2016 3:49:09 PM com.google.appinventor.server.storage.ObjectifyStorageIo <init>
INFO: RetryParams: getRetryMaxAttempts() = 10
jun 19, 2016 3:49:09 PM com.google.appinventor.server.storage.ObjectifyStorageIo <init>
INFO: RetryParams: getRetryMinAttempts() = 3
jun 19, 2016 3:49:09 PM com.google.appinventor.server.storage.ObjectifyStorageIo <init>
INFO: RetryParams: getTotalRetryPeriodMillis() = 10000
jun 19, 2016 3:49:09 PM com.google.appengine.api.datastore.dev.LocalDatastoreService init
INFO: Local Datastore initialized: 
	Type: Master/Slave
	Storage: In-memory
jun 19, 2016 3:49:10 PM com.google.appinventor.server.storage.ObjectifyStorageIo$1 run
INFO: Did not find userId 12345678
jun 19, 2016 3:49:10 PM com.google.appengine.api.datastore.dev.LocalDatastoreService init
INFO: Local Datastore initialized: 
	Type: Master/Slave
	Storage: In-memory
jun 19, 2016 3:49:10 PM com.google.appinventor.server.storage.ObjectifyStorageIo$1 run
INFO: Did not find userId 12345678
jun 19, 2016 3:49:10 PM com.google.appengine.api.datastore.dev.LocalDatastoreService init
INFO: Local Datastore initialized: 
	Type: Master/Slave
	Storage: In-memory
jun 19, 2016 3:49:10 PM com.google.appinventor.server.storage.ObjectifyStorageIo$1 run
INFO: Did not find userId 12345678
jun 19, 2016 3:49:10 PM com.google.appengine.api.datastore.dev.LocalDatastoreService init
INFO: Local Datastore initialized: 
	Type: Master/Slave
	Storage: In-memory
jun 19, 2016 3:49:10 PM com.google.appinventor.server.storage.ObjectifyStorageIo$1 run
INFO: Did not find userId 12345678
jun 19, 2016 3:49:10 PM com.google.appengine.api.datastore.dev.LocalDatastoreService init
INFO: Local Datastore initialized: 
	Type: Master/Slave
	Storage: In-memory
jun 19, 2016 3:49:10 PM com.google.appinventor.server.storage.ObjectifyStorageIo$1 run
INFO: Did not find userId 12345678
jun 19, 2016 3:49:10 PM com.google.appengine.api.datastore.dev.LocalDatastoreService init
INFO: Local Datastore initialized: 
	Type: Master/Slave
	Storage: In-memory
jun 19, 2016 3:49:10 PM com.google.appinventor.server.storage.ObjectifyStorageIo$1 run
INFO: Did not find userId 12345678
jun 19, 2016 3:49:10 PM com.google.appengine.api.datastore.dev.LocalDatastoreService init
INFO: Local Datastore initialized: 
	Type: Master/Slave
	Storage: In-memory
jun 19, 2016 3:49:10 PM com.google.appinventor.server.storage.ObjectifyStorageIo$1 run
INFO: Did not find userId 12345678
jun 19, 2016 3:49:10 PM com.google.appengine.api.datastore.dev.LocalDatastoreService init
INFO: Local Datastore initialized: 
	Type: Master/Slave
	Storage: In-memory
jun 19, 2016 3:49:10 PM com.google.appinventor.server.storage.ObjectifyStorageIo$1 run
INFO: Did not find userId 12345678
]]></system-err>

  </testsuite>
  <testsuite errors="0" failures="0" hostname="MacBook-Air-de-Tatiana.local" id="9" name="OdeAuthFilterTest" package="com.google.appinventor.server" skipped="0" tests="2" time="1.764" timestamp="2016-06-19T15:49:11">
      <properties>
[...]
</properties>

      <testcase classname="com.google.appinventor.server.OdeAuthFilterTest" name="testDoFilterShouldContinueFilterChainIfNotWhitelisted" time="1.626" />

      <testcase classname="com.google.appinventor.server.OdeAuthFilterTest" name="testDoFilterShouldNotContinueFilterChainIfNotWhitelisted" time="0.006" />

      <system-out><![CDATA[]]></system-out>

      <system-err><![CDATA[jun 19, 2016 3:49:12 PM com.google.appinventor.server.storage.ObjectifyStorageIo <clinit>
INFO: Default GCS Bucket Configured from App Identity: app_default_bucket
jun 19, 2016 3:49:12 PM com.google.appinventor.server.storage.ObjectifyStorageIo <init>
INFO: RetryParams: getInitialRetryDelayMillis() = 100
jun 19, 2016 3:49:12 PM com.google.appinventor.server.storage.ObjectifyStorageIo <init>
INFO: RetryParams: getRequestTimeoutMillis() = 30000
jun 19, 2016 3:49:12 PM com.google.appinventor.server.storage.ObjectifyStorageIo <init>
INFO: RetryParams: getRetryDelayBackoffFactor() = 2.0
jun 19, 2016 3:49:12 PM com.google.appinventor.server.storage.ObjectifyStorageIo <init>
INFO: RetryParams: getRetryMaxAttempts() = 10
jun 19, 2016 3:49:12 PM com.google.appinventor.server.storage.ObjectifyStorageIo <init>
INFO: RetryParams: getRetryMinAttempts() = 3
jun 19, 2016 3:49:12 PM com.google.appinventor.server.storage.ObjectifyStorageIo <init>
INFO: RetryParams: getTotalRetryPeriodMillis() = 10000
jun 19, 2016 3:49:12 PM com.google.appengine.api.datastore.dev.LocalDatastoreService init
INFO: Local Datastore initialized: 
	Type: Master/Slave
	Storage: In-memory
jun 19, 2016 3:49:13 PM com.google.appengine.api.datastore.dev.LocalDatastoreService init
INFO: Local Datastore initialized: 
	Type: Master/Slave
	Storage: In-memory
]]></system-err>

  </testsuite>
  <testsuite errors="0" failures="0" hostname="MacBook-Air-de-Tatiana.local" id="10" name="ProjectServiceTest" package="com.google.appinventor.server" skipped="0" tests="5" time="4.962" timestamp="2016-06-19T15:49:14">
      <properties>
[...]
</properties>

      <testcase classname="com.google.appinventor.server.ProjectServiceTest" name="testProjectService" time="2.519" />

      <testcase classname="com.google.appinventor.server.ProjectServiceTest" name="testNewYoungAndroidProject" time="0.084" />

      <testcase classname="com.google.appinventor.server.ProjectServiceTest" name="testCopyProject" time="0.181" />

      <testcase classname="com.google.appinventor.server.ProjectServiceTest" name="testCreateManyYoungAndroidProjects" time="1.797" />

      <testcase classname="com.google.appinventor.server.ProjectServiceTest" name="testLoadAndStoreProjectSettings" time="0.055" />

      <system-out><![CDATA[]]></system-out>

      <system-err><![CDATA[jun 19, 2016 3:49:15 PM com.google.appinventor.server.storage.ObjectifyStorageIo <clinit>
INFO: Default GCS Bucket Configured from App Identity: app_default_bucket
jun 19, 2016 3:49:15 PM com.google.appinventor.server.storage.ObjectifyStorageIo <init>
INFO: RetryParams: getInitialRetryDelayMillis() = 100
jun 19, 2016 3:49:15 PM com.google.appinventor.server.storage.ObjectifyStorageIo <init>
INFO: RetryParams: getRequestTimeoutMillis() = 30000
jun 19, 2016 3:49:15 PM com.google.appinventor.server.storage.ObjectifyStorageIo <init>
INFO: RetryParams: getRetryDelayBackoffFactor() = 2.0
jun 19, 2016 3:49:15 PM com.google.appinventor.server.storage.ObjectifyStorageIo <init>
INFO: RetryParams: getRetryMaxAttempts() = 10
jun 19, 2016 3:49:15 PM com.google.appinventor.server.storage.ObjectifyStorageIo <init>
INFO: RetryParams: getRetryMinAttempts() = 3
jun 19, 2016 3:49:15 PM com.google.appinventor.server.storage.ObjectifyStorageIo <init>
INFO: RetryParams: getTotalRetryPeriodMillis() = 10000
jun 19, 2016 3:49:16 PM com.google.appengine.api.datastore.dev.LocalDatastoreService init
INFO: Local Datastore initialized: 
	Type: Master/Slave
	Storage: In-memory
jun 19, 2016 3:49:16 PM com.google.appinventor.server.storage.ObjectifyStorageIo$1 run
INFO: Did not find userId id1
jun 19, 2016 3:49:16 PM com.google.appinventor.server.storage.ObjectifyStorageIo$1 run
INFO: Did not find userId id2
jun 19, 2016 3:49:17 PM com.google.appinventor.server.ProjectServiceImpl validateSessionId
INFO: storedSessionId = test-session
jun 19, 2016 3:49:17 PM com.google.appinventor.server.ProjectServiceImpl validateSessionId
INFO: sessionId = test-session
jun 19, 2016 3:49:17 PM com.google.appinventor.server.ProjectServiceImpl validateSessionId
INFO: storedSessionId = test-session
jun 19, 2016 3:49:17 PM com.google.appinventor.server.ProjectServiceImpl validateSessionId
INFO: sessionId = test-session
jun 19, 2016 3:49:17 PM com.google.appinventor.server.storage.ObjectifyStorageIo$43 run
INFO: Fetched agR0ZXN0ckkLEgtQcm9qZWN0RGF0YRgBDAsSCEZpbGVEYXRhIipzcmMvY29tL2RvbWFpbi9ub25hbWUvUHJvamVjdDEvU2NyZWVuMS5zY20M from memcache.
jun 19, 2016 3:49:17 PM com.google.appinventor.server.ProjectServiceImpl validateSessionId
INFO: storedSessionId = test-session
jun 19, 2016 3:49:17 PM com.google.appinventor.server.ProjectServiceImpl validateSessionId
INFO: sessionId = test-session
jun 19, 2016 3:49:17 PM com.google.appengine.api.datastore.dev.LocalDatastoreService init
INFO: Local Datastore initialized: 
	Type: Master/Slave
	Storage: In-memory
jun 19, 2016 3:49:17 PM com.google.appinventor.server.storage.ObjectifyStorageIo$1 run
INFO: Did not find userId id1
jun 19, 2016 3:49:17 PM com.google.appinventor.server.storage.ObjectifyStorageIo$1 run
INFO: Did not find userId id2
jun 19, 2016 3:49:17 PM com.google.appengine.api.datastore.dev.LocalDatastoreService init
INFO: Local Datastore initialized: 
	Type: Master/Slave
	Storage: In-memory
jun 19, 2016 3:49:17 PM com.google.appinventor.server.storage.ObjectifyStorageIo$1 run
INFO: Did not find userId id1
jun 19, 2016 3:49:17 PM com.google.appinventor.server.storage.ObjectifyStorageIo$1 run
INFO: Did not find userId id2
jun 19, 2016 3:49:17 PM com.google.appengine.api.datastore.dev.LocalDatastoreService init
INFO: Local Datastore initialized: 
	Type: Master/Slave
	Storage: In-memory
jun 19, 2016 3:49:17 PM com.google.appinventor.server.storage.ObjectifyStorageIo$1 run
INFO: Did not find userId id1
jun 19, 2016 3:49:17 PM com.google.appinventor.server.storage.ObjectifyStorageIo$1 run
INFO: Did not find userId id2
jun 19, 2016 3:49:18 PM com.google.appengine.api.datastore.dev.LocalDatastoreService init
INFO: Local Datastore initialized: 
	Type: Master/Slave
	Storage: In-memory
jun 19, 2016 3:49:18 PM com.google.appinventor.server.storage.ObjectifyStorageIo runJobWithRetries
WARNING: Optimistic concurrency failure
java.util.ConcurrentModificationException: too much contention on these datastore entities. please try again.
	at com.google.appengine.api.datastore.DatastoreApiHelper.translateError(DatastoreApiHelper.java:48)
	at com.google.appengine.api.datastore.DatastoreApiHelper$AsyncCallWrapper.convertException(DatastoreApiHelper.java:74)
	at com.google.appengine.api.utils.FutureWrapper.get(FutureWrapper.java:96)
	at com.google.appengine.api.utils.FutureWrapper.get(FutureWrapper.java:88)
	at com.google.appengine.api.utils.FutureWrapper.get(FutureWrapper.java:88)
	at com.google.appengine.api.utils.FutureWrapper.get(FutureWrapper.java:88)
	at com.google.appengine.api.utils.FutureWrapper.get(FutureWrapper.java:88)
	at com.googlecode.objectify.cache.TriggerFuture.get(TriggerFuture.java:99)
	at com.googlecode.objectify.util.FutureHelper.quietGet(FutureHelper.java:26)
	at com.googlecode.objectify.cache.TransactionWrapper.commit(TransactionWrapper.java:44)
	at com.google.appinventor.server.storage.ObjectifyStorageIo.runJobWithRetries(ObjectifyStorageIo.java:2422)
	at com.google.appinventor.server.storage.ObjectifyStorageIo.createProject(ObjectifyStorageIo.java:674)
	at com.google.appinventor.server.project.youngandroid.YoungAndroidProjectService.newProject(YoungAndroidProjectService.java:315)
	at com.google.appinventor.server.ProjectServiceImpl.newProject(ProjectServiceImpl.java:79)
	at com.google.appinventor.server.ProjectServiceTest$1.run(ProjectServiceTest.java:431)
	at java.lang.Thread.run(Thread.java:724)

jun 19, 2016 3:49:18 PM com.google.appinventor.server.storage.ObjectifyStorageIo runJobWithRetries
WARNING: Optimistic concurrency failure
java.util.ConcurrentModificationException: too much contention on these datastore entities. please try again.
	at com.google.appengine.api.datastore.DatastoreApiHelper.translateError(DatastoreApiHelper.java:48)
	at com.google.appengine.api.datastore.DatastoreApiHelper$AsyncCallWrapper.convertException(DatastoreApiHelper.java:74)
	at com.google.appengine.api.utils.FutureWrapper.get(FutureWrapper.java:96)
	at com.google.appengine.api.utils.FutureWrapper.get(FutureWrapper.java:88)
	at com.google.appengine.api.utils.FutureWrapper.get(FutureWrapper.java:88)
	at com.google.appengine.api.utils.FutureWrapper.get(FutureWrapper.java:88)
	at com.google.appengine.api.utils.FutureWrapper.get(FutureWrapper.java:88)
	at com.googlecode.objectify.cache.TriggerFuture.get(TriggerFuture.java:99)
	at com.googlecode.objectify.util.FutureHelper.quietGet(FutureHelper.java:26)
	at com.googlecode.objectify.cache.TransactionWrapper.commit(TransactionWrapper.java:44)
	at com.google.appinventor.server.storage.ObjectifyStorageIo.runJobWithRetries(ObjectifyStorageIo.java:2422)
	at com.google.appinventor.server.storage.ObjectifyStorageIo.createProject(ObjectifyStorageIo.java:674)
	at com.google.appinventor.server.project.youngandroid.YoungAndroidProjectService.newProject(YoungAndroidProjectService.java:315)
	at com.google.appinventor.server.ProjectServiceImpl.newProject(ProjectServiceImpl.java:79)
	at com.google.appinventor.server.ProjectServiceTest$1.run(ProjectServiceTest.java:431)
	at java.lang.Thread.run(Thread.java:724)

jun 19, 2016 3:49:18 PM com.google.appinventor.server.storage.ObjectifyStorageIo runJobWithRetries
WARNING: Optimistic concurrency failure
java.util.ConcurrentModificationException: too much contention on these datastore entities. please try again.
	at com.google.appengine.api.datastore.DatastoreApiHelper.translateError(DatastoreApiHelper.java:48)
	at com.google.appengine.api.datastore.DatastoreApiHelper$AsyncCallWrapper.convertException(DatastoreApiHelper.java:74)
	at com.google.appengine.api.utils.FutureWrapper.get(FutureWrapper.java:96)
	at com.google.appengine.api.utils.FutureWrapper.get(FutureWrapper.java:88)
	at com.google.appengine.api.utils.FutureWrapper.get(FutureWrapper.java:88)
	at com.google.appengine.api.utils.FutureWrapper.get(FutureWrapper.java:88)
	at com.google.appengine.api.utils.FutureWrapper.get(FutureWrapper.java:88)
	at com.googlecode.objectify.cache.TriggerFuture.get(TriggerFuture.java:99)
	at com.googlecode.objectify.util.FutureHelper.quietGet(FutureHelper.java:26)
	at com.googlecode.objectify.cache.TransactionWrapper.commit(TransactionWrapper.java:44)
	at com.google.appinventor.server.storage.ObjectifyStorageIo.runJobWithRetries(ObjectifyStorageIo.java:2422)
	at com.google.appinventor.server.storage.ObjectifyStorageIo.createProject(ObjectifyStorageIo.java:674)
	at com.google.appinventor.server.project.youngandroid.YoungAndroidProjectService.newProject(YoungAndroidProjectService.java:315)
	at com.google.appinventor.server.ProjectServiceImpl.newProject(ProjectServiceImpl.java:79)
	at com.google.appinventor.server.ProjectServiceTest$1.run(ProjectServiceTest.java:431)
	at java.lang.Thread.run(Thread.java:724)

jun 19, 2016 3:49:18 PM com.google.appinventor.server.storage.ObjectifyStorageIo runJobWithRetries
WARNING: Optimistic concurrency failure
java.util.ConcurrentModificationException: too much contention on these datastore entities. please try again.
	at com.google.appengine.api.datastore.DatastoreApiHelper.translateError(DatastoreApiHelper.java:48)
	at com.google.appengine.api.datastore.DatastoreApiHelper$AsyncCallWrapper.convertException(DatastoreApiHelper.java:74)
	at com.google.appengine.api.utils.FutureWrapper.get(FutureWrapper.java:96)
	at com.google.appengine.api.utils.FutureWrapper.get(FutureWrapper.java:88)
	at com.google.appengine.api.utils.FutureWrapper.get(FutureWrapper.java:88)
	at com.google.appengine.api.utils.FutureWrapper.get(FutureWrapper.java:88)
	at com.google.appengine.api.utils.FutureWrapper.get(FutureWrapper.java:88)
	at com.googlecode.objectify.cache.TriggerFuture.get(TriggerFuture.java:99)
	at com.googlecode.objectify.util.FutureHelper.quietGet(FutureHelper.java:26)
	at com.googlecode.objectify.cache.TransactionWrapper.commit(TransactionWrapper.java:44)
	at com.google.appinventor.server.storage.ObjectifyStorageIo.runJobWithRetries(ObjectifyStorageIo.java:2422)
	at com.google.appinventor.server.storage.ObjectifyStorageIo.createProject(ObjectifyStorageIo.java:674)
	at com.google.appinventor.server.project.youngandroid.YoungAndroidProjectService.newProject(YoungAndroidProjectService.java:315)
	at com.google.appinventor.server.ProjectServiceImpl.newProject(ProjectServiceImpl.java:79)
	at com.google.appinventor.server.ProjectServiceTest$1.run(ProjectServiceTest.java:431)
	at java.lang.Thread.run(Thread.java:724)

jun 19, 2016 3:49:18 PM com.google.appinventor.server.storage.ObjectifyStorageIo runJobWithRetries
WARNING: Optimistic concurrency failure
java.util.ConcurrentModificationException: too much contention on these datastore entities. please try again.
	at com.google.appengine.api.datastore.DatastoreApiHelper.translateError(DatastoreApiHelper.java:48)
	at com.google.appengine.api.datastore.DatastoreApiHelper$AsyncCallWrapper.convertException(DatastoreApiHelper.java:74)
	at com.google.appengine.api.utils.FutureWrapper.get(FutureWrapper.java:96)
	at com.google.appengine.api.utils.FutureWrapper.get(FutureWrapper.java:88)
	at com.google.appengine.api.utils.FutureWrapper.get(FutureWrapper.java:88)
	at com.google.appengine.api.utils.FutureWrapper.get(FutureWrapper.java:88)
	at com.google.appengine.api.utils.FutureWrapper.get(FutureWrapper.java:88)
	at com.googlecode.objectify.cache.TriggerFuture.get(TriggerFuture.java:99)
	at com.googlecode.objectify.util.FutureHelper.quietGet(FutureHelper.java:26)
	at com.googlecode.objectify.cache.TransactionWrapper.commit(TransactionWrapper.java:44)
	at com.google.appinventor.server.storage.ObjectifyStorageIo.runJobWithRetries(ObjectifyStorageIo.java:2422)
	at com.google.appinventor.server.storage.ObjectifyStorageIo.createProject(ObjectifyStorageIo.java:674)
	at com.google.appinventor.server.project.youngandroid.YoungAndroidProjectService.newProject(YoungAndroidProjectService.java:315)
	at com.google.appinventor.server.ProjectServiceImpl.newProject(ProjectServiceImpl.java:79)
	at com.google.appinventor.server.ProjectServiceTest$1.run(ProjectServiceTest.java:431)
	at java.lang.Thread.run(Thread.java:724)

jun 19, 2016 3:49:18 PM com.google.appinventor.server.storage.ObjectifyStorageIo runJobWithRetries
WARNING: Optimistic concurrency failure
java.util.ConcurrentModificationException: too much contention on these datastore entities. please try again.
	at com.google.appengine.api.datastore.DatastoreApiHelper.translateError(DatastoreApiHelper.java:48)
	at com.google.appengine.api.datastore.DatastoreApiHelper$AsyncCallWrapper.convertException(DatastoreApiHelper.java:74)
	at com.google.appengine.api.utils.FutureWrapper.get(FutureWrapper.java:96)
	at com.google.appengine.api.utils.FutureWrapper.get(FutureWrapper.java:88)
	at com.google.appengine.api.utils.FutureWrapper.get(FutureWrapper.java:88)
	at com.google.appengine.api.utils.FutureWrapper.get(FutureWrapper.java:88)
	at com.google.appengine.api.utils.FutureWrapper.get(FutureWrapper.java:88)
	at com.googlecode.objectify.cache.TriggerFuture.get(TriggerFuture.java:99)
	at com.googlecode.objectify.util.FutureHelper.quietGet(FutureHelper.java:26)
	at com.googlecode.objectify.cache.TransactionWrapper.commit(TransactionWrapper.java:44)
	at com.google.appinventor.server.storage.ObjectifyStorageIo.runJobWithRetries(ObjectifyStorageIo.java:2422)
	at com.google.appinventor.server.storage.ObjectifyStorageIo.createProject(ObjectifyStorageIo.java:674)
	at com.google.appinventor.server.project.youngandroid.YoungAndroidProjectService.newProject(YoungAndroidProjectService.java:315)
	at com.google.appinventor.server.ProjectServiceImpl.newProject(ProjectServiceImpl.java:79)
	at com.google.appinventor.server.ProjectServiceTest$1.run(ProjectServiceTest.java:431)
	at java.lang.Thread.run(Thread.java:724)

jun 19, 2016 3:49:18 PM com.google.appinventor.server.storage.ObjectifyStorageIo runJobWithRetries
WARNING: Optimistic concurrency failure
java.util.ConcurrentModificationException: too much contention on these datastore entities. please try again.
	at com.google.appengine.api.datastore.DatastoreApiHelper.translateError(DatastoreApiHelper.java:48)
	at com.google.appengine.api.datastore.DatastoreApiHelper$AsyncCallWrapper.convertException(DatastoreApiHelper.java:74)
	at com.google.appengine.api.utils.FutureWrapper.get(FutureWrapper.java:96)
	at com.google.appengine.api.utils.FutureWrapper.get(FutureWrapper.java:88)
	at com.google.appengine.api.utils.FutureWrapper.get(FutureWrapper.java:88)
	at com.google.appengine.api.utils.FutureWrapper.get(FutureWrapper.java:88)
	at com.google.appengine.api.utils.FutureWrapper.get(FutureWrapper.java:88)
	at com.googlecode.objectify.cache.TriggerFuture.get(TriggerFuture.java:99)
	at com.googlecode.objectify.util.FutureHelper.quietGet(FutureHelper.java:26)
	at com.googlecode.objectify.cache.TransactionWrapper.commit(TransactionWrapper.java:44)
	at com.google.appinventor.server.storage.ObjectifyStorageIo.runJobWithRetries(ObjectifyStorageIo.java:2422)
	at com.google.appinventor.server.storage.ObjectifyStorageIo.createProject(ObjectifyStorageIo.java:674)
	at com.google.appinventor.server.project.youngandroid.YoungAndroidProjectService.newProject(YoungAndroidProjectService.java:315)
	at com.google.appinventor.server.ProjectServiceImpl.newProject(ProjectServiceImpl.java:79)
	at com.google.appinventor.server.ProjectServiceTest$1.run(ProjectServiceTest.java:431)
	at java.lang.Thread.run(Thread.java:724)

jun 19, 2016 3:49:18 PM com.google.appinventor.server.storage.ObjectifyStorageIo runJobWithRetries
WARNING: Optimistic concurrency failure
java.util.ConcurrentModificationException: too much contention on these datastore entities. please try again.
	at com.google.appengine.api.datastore.DatastoreApiHelper.translateError(DatastoreApiHelper.java:48)
	at com.google.appengine.api.datastore.DatastoreApiHelper$AsyncCallWrapper.convertException(DatastoreApiHelper.java:74)
	at com.google.appengine.api.utils.FutureWrapper.get(FutureWrapper.java:96)
	at com.google.appengine.api.utils.FutureWrapper.get(FutureWrapper.java:88)
	at com.google.appengine.api.utils.FutureWrapper.get(FutureWrapper.java:88)
	at com.google.appengine.api.utils.FutureWrapper.get(FutureWrapper.java:88)
	at com.google.appengine.api.utils.FutureWrapper.get(FutureWrapper.java:88)
	at com.googlecode.objectify.cache.TriggerFuture.get(TriggerFuture.java:99)
	at com.googlecode.objectify.util.FutureHelper.quietGet(FutureHelper.java:26)
	at com.googlecode.objectify.cache.TransactionWrapper.commit(TransactionWrapper.java:44)
	at com.google.appinventor.server.storage.ObjectifyStorageIo.runJobWithRetries(ObjectifyStorageIo.java:2422)
	at com.google.appinventor.server.storage.ObjectifyStorageIo.createProject(ObjectifyStorageIo.java:674)
	at com.google.appinventor.server.project.youngandroid.YoungAndroidProjectService.newProject(YoungAndroidProjectService.java:315)
	at com.google.appinventor.server.ProjectServiceImpl.newProject(ProjectServiceImpl.java:79)
	at com.google.appinventor.server.ProjectServiceTest$1.run(ProjectServiceTest.java:431)
	at java.lang.Thread.run(Thread.java:724)

jun 19, 2016 3:49:18 PM com.google.appinventor.server.storage.ObjectifyStorageIo runJobWithRetries
WARNING: Optimistic concurrency failure
java.util.ConcurrentModificationException: too much contention on these datastore entities. please try again.
	at com.google.appengine.api.datastore.DatastoreApiHelper.translateError(DatastoreApiHelper.java:48)
	at com.google.appengine.api.datastore.DatastoreApiHelper$AsyncCallWrapper.convertException(DatastoreApiHelper.java:74)
	at com.google.appengine.api.utils.FutureWrapper.get(FutureWrapper.java:96)
	at com.google.appengine.api.utils.FutureWrapper.get(FutureWrapper.java:88)
	at com.google.appengine.api.utils.FutureWrapper.get(FutureWrapper.java:88)
	at com.google.appengine.api.utils.FutureWrapper.get(FutureWrapper.java:88)
	at com.google.appengine.api.utils.FutureWrapper.get(FutureWrapper.java:88)
	at com.googlecode.objectify.cache.TriggerFuture.get(TriggerFuture.java:99)
	at com.googlecode.objectify.util.FutureHelper.quietGet(FutureHelper.java:26)
	at com.googlecode.objectify.cache.TransactionWrapper.commit(TransactionWrapper.java:44)
	at com.google.appinventor.server.storage.ObjectifyStorageIo.runJobWithRetries(ObjectifyStorageIo.java:2422)
	at com.google.appinventor.server.storage.ObjectifyStorageIo.createProject(ObjectifyStorageIo.java:674)
	at com.google.appinventor.server.project.youngandroid.YoungAndroidProjectService.newProject(YoungAndroidProjectService.java:315)
	at com.google.appinventor.server.ProjectServiceImpl.newProject(ProjectServiceImpl.java:79)
	at com.google.appinventor.server.ProjectServiceTest$1.run(ProjectServiceTest.java:431)
	at java.lang.Thread.run(Thread.java:724)

jun 19, 2016 3:49:18 PM com.google.appinventor.server.storage.ObjectifyStorageIo runJobWithRetries
WARNING: Optimistic concurrency failure
java.util.ConcurrentModificationException: too much contention on these datastore entities. please try again.
	at com.google.appengine.api.datastore.DatastoreApiHelper.translateError(DatastoreApiHelper.java:48)
	at com.google.appengine.api.datastore.DatastoreApiHelper$AsyncCallWrapper.convertException(DatastoreApiHelper.java:74)
	at com.google.appengine.api.utils.FutureWrapper.get(FutureWrapper.java:96)
	at com.google.appengine.api.utils.FutureWrapper.get(FutureWrapper.java:88)
	at com.google.appengine.api.utils.FutureWrapper.get(FutureWrapper.java:88)
	at com.google.appengine.api.utils.FutureWrapper.get(FutureWrapper.java:88)
	at com.google.appengine.api.utils.FutureWrapper.get(FutureWrapper.java:88)
	at com.googlecode.objectify.cache.TriggerFuture.get(TriggerFuture.java:99)
	at com.googlecode.objectify.util.FutureHelper.quietGet(FutureHelper.java:26)
	at com.googlecode.objectify.cache.TransactionWrapper.commit(TransactionWrapper.java:44)
	at com.google.appinventor.server.storage.ObjectifyStorageIo.runJobWithRetries(ObjectifyStorageIo.java:2422)
	at com.google.appinventor.server.storage.ObjectifyStorageIo.createProject(ObjectifyStorageIo.java:674)
	at com.google.appinventor.server.project.youngandroid.YoungAndroidProjectService.newProject(YoungAndroidProjectService.java:315)
	at com.google.appinventor.server.ProjectServiceImpl.newProject(ProjectServiceImpl.java:79)
	at com.google.appinventor.server.ProjectServiceTest$1.run(ProjectServiceTest.java:431)
	at java.lang.Thread.run(Thread.java:724)

jun 19, 2016 3:49:18 PM com.google.appinventor.server.storage.ObjectifyStorageIo runJobWithRetries
WARNING: Optimistic concurrency failure
java.util.ConcurrentModificationException: too much contention on these datastore entities. please try again.
	at com.google.appengine.api.datastore.DatastoreApiHelper.translateError(DatastoreApiHelper.java:48)
	at com.google.appengine.api.datastore.DatastoreApiHelper$AsyncCallWrapper.convertException(DatastoreApiHelper.java:74)
	at com.google.appengine.api.utils.FutureWrapper.get(FutureWrapper.java:96)
	at com.google.appengine.api.utils.FutureWrapper.get(FutureWrapper.java:88)
	at com.google.appengine.api.utils.FutureWrapper.get(FutureWrapper.java:88)
	at com.google.appengine.api.utils.FutureWrapper.get(FutureWrapper.java:88)
	at com.google.appengine.api.utils.FutureWrapper.get(FutureWrapper.java:88)
	at com.googlecode.objectify.cache.TriggerFuture.get(TriggerFuture.java:99)
	at com.googlecode.objectify.util.FutureHelper.quietGet(FutureHelper.java:26)
	at com.googlecode.objectify.cache.TransactionWrapper.commit(TransactionWrapper.java:44)
	at com.google.appinventor.server.storage.ObjectifyStorageIo.runJobWithRetries(ObjectifyStorageIo.java:2422)
	at com.google.appinventor.server.storage.ObjectifyStorageIo.createProject(ObjectifyStorageIo.java:674)
	at com.google.appinventor.server.project.youngandroid.YoungAndroidProjectService.newProject(YoungAndroidProjectService.java:315)
	at com.google.appinventor.server.ProjectServiceImpl.newProject(ProjectServiceImpl.java:79)
	at com.google.appinventor.server.ProjectServiceTest$1.run(ProjectServiceTest.java:431)
	at java.lang.Thread.run(Thread.java:724)

jun 19, 2016 3:49:18 PM com.google.appinventor.server.storage.ObjectifyStorageIo runJobWithRetries
WARNING: Optimistic concurrency failure
java.util.ConcurrentModificationException: too much contention on these datastore entities. please try again.
	at com.google.appengine.api.datastore.DatastoreApiHelper.translateError(DatastoreApiHelper.java:48)
	at com.google.appengine.api.datastore.DatastoreApiHelper$AsyncCallWrapper.convertException(DatastoreApiHelper.java:74)
	at com.google.appengine.api.utils.FutureWrapper.get(FutureWrapper.java:96)
	at com.google.appengine.api.utils.FutureWrapper.get(FutureWrapper.java:88)
	at com.google.appengine.api.utils.FutureWrapper.get(FutureWrapper.java:88)
	at com.google.appengine.api.utils.FutureWrapper.get(FutureWrapper.java:88)
	at com.google.appengine.api.utils.FutureWrapper.get(FutureWrapper.java:88)
	at com.googlecode.objectify.cache.TriggerFuture.get(TriggerFuture.java:99)
	at com.googlecode.objectify.util.FutureHelper.quietGet(FutureHelper.java:26)
	at com.googlecode.objectify.cache.TransactionWrapper.commit(TransactionWrapper.java:44)
	at com.google.appinventor.server.storage.ObjectifyStorageIo.runJobWithRetries(ObjectifyStorageIo.java:2422)
	at com.google.appinventor.server.storage.ObjectifyStorageIo.createProject(ObjectifyStorageIo.java:674)
	at com.google.appinventor.server.project.youngandroid.YoungAndroidProjectService.newProject(YoungAndroidProjectService.java:315)
	at com.google.appinventor.server.ProjectServiceImpl.newProject(ProjectServiceImpl.java:79)
	at com.google.appinventor.server.ProjectServiceTest$1.run(ProjectServiceTest.java:431)
	at java.lang.Thread.run(Thread.java:724)

jun 19, 2016 3:49:18 PM com.google.appinventor.server.storage.ObjectifyStorageIo runJobWithRetries
WARNING: Optimistic concurrency failure
java.util.ConcurrentModificationException: too much contention on these datastore entities. please try again.
	at com.google.appengine.api.datastore.DatastoreApiHelper.translateError(DatastoreApiHelper.java:48)
	at com.google.appengine.api.datastore.DatastoreApiHelper$AsyncCallWrapper.convertException(DatastoreApiHelper.java:74)
	at com.google.appengine.api.utils.FutureWrapper.get(FutureWrapper.java:96)
	at com.google.appengine.api.utils.FutureWrapper.get(FutureWrapper.java:88)
	at com.google.appengine.api.utils.FutureWrapper.get(FutureWrapper.java:88)
	at com.google.appengine.api.utils.FutureWrapper.get(FutureWrapper.java:88)
	at com.google.appengine.api.utils.FutureWrapper.get(FutureWrapper.java:88)
	at com.googlecode.objectify.cache.TriggerFuture.get(TriggerFuture.java:99)
	at com.googlecode.objectify.util.FutureHelper.quietGet(FutureHelper.java:26)
	at com.googlecode.objectify.cache.TransactionWrapper.commit(TransactionWrapper.java:44)
	at com.google.appinventor.server.storage.ObjectifyStorageIo.runJobWithRetries(ObjectifyStorageIo.java:2422)
	at com.google.appinventor.server.storage.ObjectifyStorageIo.createProject(ObjectifyStorageIo.java:674)
	at com.google.appinventor.server.project.youngandroid.YoungAndroidProjectService.newProject(YoungAndroidProjectService.java:315)
	at com.google.appinventor.server.ProjectServiceImpl.newProject(ProjectServiceImpl.java:79)
	at com.google.appinventor.server.ProjectServiceTest$1.run(ProjectServiceTest.java:431)
	at java.lang.Thread.run(Thread.java:724)

jun 19, 2016 3:49:18 PM com.google.appinventor.server.storage.ObjectifyStorageIo runJobWithRetries
WARNING: Optimistic concurrency failure
java.util.ConcurrentModificationException: too much contention on these datastore entities. please try again.
	at com.google.appengine.api.datastore.DatastoreApiHelper.translateError(DatastoreApiHelper.java:48)
	at com.google.appengine.api.datastore.DatastoreApiHelper$AsyncCallWrapper.convertException(DatastoreApiHelper.java:74)
	at com.google.appengine.api.utils.FutureWrapper.get(FutureWrapper.java:96)
	at com.google.appengine.api.utils.FutureWrapper.get(FutureWrapper.java:88)
	at com.google.appengine.api.utils.FutureWrapper.get(FutureWrapper.java:88)
	at com.google.appengine.api.utils.FutureWrapper.get(FutureWrapper.java:88)
	at com.google.appengine.api.utils.FutureWrapper.get(FutureWrapper.java:88)
	at com.googlecode.objectify.cache.TriggerFuture.get(TriggerFuture.java:99)
	at com.googlecode.objectify.util.FutureHelper.quietGet(FutureHelper.java:26)
	at com.googlecode.objectify.cache.TransactionWrapper.commit(TransactionWrapper.java:44)
	at com.google.appinventor.server.storage.ObjectifyStorageIo.runJobWithRetries(ObjectifyStorageIo.java:2422)
	at com.google.appinventor.server.storage.ObjectifyStorageIo.createProject(ObjectifyStorageIo.java:674)
	at com.google.appinventor.server.project.youngandroid.YoungAndroidProjectService.newProject(YoungAndroidProjectService.java:315)
	at com.google.appinventor.server.ProjectServiceImpl.newProject(ProjectServiceImpl.java:79)
	at com.google.appinventor.server.ProjectServiceTest$1.run(ProjectServiceTest.java:431)
	at java.lang.Thread.run(Thread.java:724)

jun 19, 2016 3:49:18 PM com.google.appinventor.server.storage.ObjectifyStorageIo runJobWithRetries
WARNING: Optimistic concurrency failure
java.util.ConcurrentModificationException: too much contention on these datastore entities. please try again.
	at com.google.appengine.api.datastore.DatastoreApiHelper.translateError(DatastoreApiHelper.java:48)
	at com.google.appengine.api.datastore.DatastoreApiHelper$AsyncCallWrapper.convertException(DatastoreApiHelper.java:74)
	at com.google.appengine.api.utils.FutureWrapper.get(FutureWrapper.java:96)
	at com.google.appengine.api.utils.FutureWrapper.get(FutureWrapper.java:88)
	at com.google.appengine.api.utils.FutureWrapper.get(FutureWrapper.java:88)
	at com.google.appengine.api.utils.FutureWrapper.get(FutureWrapper.java:88)
	at com.google.appengine.api.utils.FutureWrapper.get(FutureWrapper.java:88)
	at com.googlecode.objectify.cache.TriggerFuture.get(TriggerFuture.java:99)
	at com.googlecode.objectify.util.FutureHelper.quietGet(FutureHelper.java:26)
	at com.googlecode.objectify.cache.TransactionWrapper.commit(TransactionWrapper.java:44)
	at com.google.appinventor.server.storage.ObjectifyStorageIo.runJobWithRetries(ObjectifyStorageIo.java:2422)
	at com.google.appinventor.server.storage.ObjectifyStorageIo.createProject(ObjectifyStorageIo.java:674)
	at com.google.appinventor.server.project.youngandroid.YoungAndroidProjectService.newProject(YoungAndroidProjectService.java:315)
	at com.google.appinventor.server.ProjectServiceImpl.newProject(ProjectServiceImpl.java:79)
	at com.google.appinventor.server.ProjectServiceTest$1.run(ProjectServiceTest.java:431)
	at java.lang.Thread.run(Thread.java:724)

jun 19, 2016 3:49:19 PM com.google.appinventor.server.storage.ObjectifyStorageIo runJobWithRetries
WARNING: Optimistic concurrency failure
java.util.ConcurrentModificationException: too much contention on these datastore entities. please try again.
	at com.google.appengine.api.datastore.DatastoreApiHelper.translateError(DatastoreApiHelper.java:48)
	at com.google.appengine.api.datastore.DatastoreApiHelper$AsyncCallWrapper.convertException(DatastoreApiHelper.java:74)
	at com.google.appengine.api.utils.FutureWrapper.get(FutureWrapper.java:96)
	at com.google.appengine.api.utils.FutureWrapper.get(FutureWrapper.java:88)
	at com.google.appengine.api.utils.FutureWrapper.get(FutureWrapper.java:88)
	at com.google.appengine.api.utils.FutureWrapper.get(FutureWrapper.java:88)
	at com.google.appengine.api.utils.FutureWrapper.get(FutureWrapper.java:88)
	at com.googlecode.objectify.cache.TriggerFuture.get(TriggerFuture.java:99)
	at com.googlecode.objectify.util.FutureHelper.quietGet(FutureHelper.java:26)
	at com.googlecode.objectify.cache.TransactionWrapper.commit(TransactionWrapper.java:44)
	at com.google.appinventor.server.storage.ObjectifyStorageIo.runJobWithRetries(ObjectifyStorageIo.java:2422)
	at com.google.appinventor.server.storage.ObjectifyStorageIo.createProject(ObjectifyStorageIo.java:674)
	at com.google.appinventor.server.project.youngandroid.YoungAndroidProjectService.newProject(YoungAndroidProjectService.java:315)
	at com.google.appinventor.server.ProjectServiceImpl.newProject(ProjectServiceImpl.java:79)
	at com.google.appinventor.server.ProjectServiceTest$1.run(ProjectServiceTest.java:431)
	at java.lang.Thread.run(Thread.java:724)

jun 19, 2016 3:49:19 PM com.google.appinventor.server.storage.ObjectifyStorageIo runJobWithRetries
WARNING: Optimistic concurrency failure
java.util.ConcurrentModificationException: too much contention on these datastore entities. please try again.
	at com.google.appengine.api.datastore.DatastoreApiHelper.translateError(DatastoreApiHelper.java:48)
	at com.google.appengine.api.datastore.DatastoreApiHelper$AsyncCallWrapper.convertException(DatastoreApiHelper.java:74)
	at com.google.appengine.api.utils.FutureWrapper.get(FutureWrapper.java:96)
	at com.google.appengine.api.utils.FutureWrapper.get(FutureWrapper.java:88)
	at com.google.appengine.api.utils.FutureWrapper.get(FutureWrapper.java:88)
	at com.google.appengine.api.utils.FutureWrapper.get(FutureWrapper.java:88)
	at com.google.appengine.api.utils.FutureWrapper.get(FutureWrapper.java:88)
	at com.googlecode.objectify.cache.TriggerFuture.get(TriggerFuture.java:99)
	at com.googlecode.objectify.util.FutureHelper.quietGet(FutureHelper.java:26)
	at com.googlecode.objectify.cache.TransactionWrapper.commit(TransactionWrapper.java:44)
	at com.google.appinventor.server.storage.ObjectifyStorageIo.runJobWithRetries(ObjectifyStorageIo.java:2422)
	at com.google.appinventor.server.storage.ObjectifyStorageIo.createProject(ObjectifyStorageIo.java:674)
	at com.google.appinventor.server.project.youngandroid.YoungAndroidProjectService.newProject(YoungAndroidProjectService.java:315)
	at com.google.appinventor.server.ProjectServiceImpl.newProject(ProjectServiceImpl.java:79)
	at com.google.appinventor.server.ProjectServiceTest$1.run(ProjectServiceTest.java:431)
	at java.lang.Thread.run(Thread.java:724)

jun 19, 2016 3:49:19 PM com.google.appinventor.server.storage.ObjectifyStorageIo runJobWithRetries
WARNING: Optimistic concurrency failure
java.util.ConcurrentModificationException: too much contention on these datastore entities. please try again.
	at com.google.appengine.api.datastore.DatastoreApiHelper.translateError(DatastoreApiHelper.java:48)
	at com.google.appengine.api.datastore.DatastoreApiHelper$AsyncCallWrapper.convertException(DatastoreApiHelper.java:74)
	at com.google.appengine.api.utils.FutureWrapper.get(FutureWrapper.java:96)
	at com.google.appengine.api.utils.FutureWrapper.get(FutureWrapper.java:88)
	at com.google.appengine.api.utils.FutureWrapper.get(FutureWrapper.java:88)
	at com.google.appengine.api.utils.FutureWrapper.get(FutureWrapper.java:88)
	at com.google.appengine.api.utils.FutureWrapper.get(FutureWrapper.java:88)
	at com.googlecode.objectify.cache.TriggerFuture.get(TriggerFuture.java:99)
	at com.googlecode.objectify.util.FutureHelper.quietGet(FutureHelper.java:26)
	at com.googlecode.objectify.cache.TransactionWrapper.commit(TransactionWrapper.java:44)
	at com.google.appinventor.server.storage.ObjectifyStorageIo.runJobWithRetries(ObjectifyStorageIo.java:2422)
	at com.google.appinventor.server.storage.ObjectifyStorageIo.createProject(ObjectifyStorageIo.java:674)
	at com.google.appinventor.server.project.youngandroid.YoungAndroidProjectService.newProject(YoungAndroidProjectService.java:315)
	at com.google.appinventor.server.ProjectServiceImpl.newProject(ProjectServiceImpl.java:79)
	at com.google.appinventor.server.ProjectServiceTest$1.run(ProjectServiceTest.java:431)
	at java.lang.Thread.run(Thread.java:724)

jun 19, 2016 3:49:19 PM com.google.appinventor.server.storage.ObjectifyStorageIo runJobWithRetries
WARNING: Optimistic concurrency failure
java.util.ConcurrentModificationException: too much contention on these datastore entities. please try again.
	at com.google.appengine.api.datastore.DatastoreApiHelper.translateError(DatastoreApiHelper.java:48)
	at com.google.appengine.api.datastore.DatastoreApiHelper$AsyncCallWrapper.convertException(DatastoreApiHelper.java:74)
	at com.google.appengine.api.utils.FutureWrapper.get(FutureWrapper.java:96)
	at com.google.appengine.api.utils.FutureWrapper.get(FutureWrapper.java:88)
	at com.google.appengine.api.utils.FutureWrapper.get(FutureWrapper.java:88)
	at com.google.appengine.api.utils.FutureWrapper.get(FutureWrapper.java:88)
	at com.google.appengine.api.utils.FutureWrapper.get(FutureWrapper.java:88)
	at com.googlecode.objectify.cache.TriggerFuture.get(TriggerFuture.java:99)
	at com.googlecode.objectify.util.FutureHelper.quietGet(FutureHelper.java:26)
	at com.googlecode.objectify.cache.TransactionWrapper.commit(TransactionWrapper.java:44)
	at com.google.appinventor.server.storage.ObjectifyStorageIo.runJobWithRetries(ObjectifyStorageIo.java:2422)
	at com.google.appinventor.server.storage.ObjectifyStorageIo.createProject(ObjectifyStorageIo.java:674)
	at com.google.appinventor.server.project.youngandroid.YoungAndroidProjectService.newProject(YoungAndroidProjectService.java:315)
	at com.google.appinventor.server.ProjectServiceImpl.newProject(ProjectServiceImpl.java:79)
	at com.google.appinventor.server.ProjectServiceTest$1.run(ProjectServiceTest.java:431)
	at java.lang.Thread.run(Thread.java:724)

jun 19, 2016 3:49:19 PM com.google.appinventor.server.storage.ObjectifyStorageIo runJobWithRetries
WARNING: Optimistic concurrency failure
java.util.ConcurrentModificationException: too much contention on these datastore entities. please try again.
	at com.google.appengine.api.datastore.DatastoreApiHelper.translateError(DatastoreApiHelper.java:48)
	at com.google.appengine.api.datastore.DatastoreApiHelper$AsyncCallWrapper.convertException(DatastoreApiHelper.java:74)
	at com.google.appengine.api.utils.FutureWrapper.get(FutureWrapper.java:96)
	at com.google.appengine.api.utils.FutureWrapper.get(FutureWrapper.java:88)
	at com.google.appengine.api.utils.FutureWrapper.get(FutureWrapper.java:88)
	at com.google.appengine.api.utils.FutureWrapper.get(FutureWrapper.java:88)
	at com.google.appengine.api.utils.FutureWrapper.get(FutureWrapper.java:88)
	at com.googlecode.objectify.cache.TriggerFuture.get(TriggerFuture.java:99)
	at com.googlecode.objectify.util.FutureHelper.quietGet(FutureHelper.java:26)
	at com.googlecode.objectify.cache.TransactionWrapper.commit(TransactionWrapper.java:44)
	at com.google.appinventor.server.storage.ObjectifyStorageIo.runJobWithRetries(ObjectifyStorageIo.java:2422)
	at com.google.appinventor.server.storage.ObjectifyStorageIo.createProject(ObjectifyStorageIo.java:674)
	at com.google.appinventor.server.project.youngandroid.YoungAndroidProjectService.newProject(YoungAndroidProjectService.java:315)
	at com.google.appinventor.server.ProjectServiceImpl.newProject(ProjectServiceImpl.java:79)
	at com.google.appinventor.server.ProjectServiceTest$1.run(ProjectServiceTest.java:431)
	at java.lang.Thread.run(Thread.java:724)

jun 19, 2016 3:49:19 PM com.google.appinventor.server.storage.ObjectifyStorageIo runJobWithRetries
WARNING: Optimistic concurrency failure
java.util.ConcurrentModificationException: too much contention on these datastore entities. please try again.
	at com.google.appengine.api.datastore.DatastoreApiHelper.translateError(DatastoreApiHelper.java:48)
	at com.google.appengine.api.datastore.DatastoreApiHelper$AsyncCallWrapper.convertException(DatastoreApiHelper.java:74)
	at com.google.appengine.api.utils.FutureWrapper.get(FutureWrapper.java:96)
	at com.google.appengine.api.utils.FutureWrapper.get(FutureWrapper.java:88)
	at com.google.appengine.api.utils.FutureWrapper.get(FutureWrapper.java:88)
	at com.google.appengine.api.utils.FutureWrapper.get(FutureWrapper.java:88)
	at com.google.appengine.api.utils.FutureWrapper.get(FutureWrapper.java:88)
	at com.googlecode.objectify.cache.TriggerFuture.get(TriggerFuture.java:99)
	at com.googlecode.objectify.util.FutureHelper.quietGet(FutureHelper.java:26)
	at com.googlecode.objectify.cache.TransactionWrapper.commit(TransactionWrapper.java:44)
	at com.google.appinventor.server.storage.ObjectifyStorageIo.runJobWithRetries(ObjectifyStorageIo.java:2422)
	at com.google.appinventor.server.storage.ObjectifyStorageIo.createProject(ObjectifyStorageIo.java:674)
	at com.google.appinventor.server.project.youngandroid.YoungAndroidProjectService.newProject(YoungAndroidProjectService.java:315)
	at com.google.appinventor.server.ProjectServiceImpl.newProject(ProjectServiceImpl.java:79)
	at com.google.appinventor.server.ProjectServiceTest$1.run(ProjectServiceTest.java:431)
	at java.lang.Thread.run(Thread.java:724)

jun 19, 2016 3:49:19 PM com.google.appinventor.server.storage.ObjectifyStorageIo runJobWithRetries
WARNING: Optimistic concurrency failure
java.util.ConcurrentModificationException: too much contention on these datastore entities. please try again.
	at com.google.appengine.api.datastore.DatastoreApiHelper.translateError(DatastoreApiHelper.java:48)
	at com.google.appengine.api.datastore.DatastoreApiHelper$AsyncCallWrapper.convertException(DatastoreApiHelper.java:74)
	at com.google.appengine.api.utils.FutureWrapper.get(FutureWrapper.java:96)
	at com.google.appengine.api.utils.FutureWrapper.get(FutureWrapper.java:88)
	at com.google.appengine.api.utils.FutureWrapper.get(FutureWrapper.java:88)
	at com.google.appengine.api.utils.FutureWrapper.get(FutureWrapper.java:88)
	at com.google.appengine.api.utils.FutureWrapper.get(FutureWrapper.java:88)
	at com.googlecode.objectify.cache.TriggerFuture.get(TriggerFuture.java:99)
	at com.googlecode.objectify.util.FutureHelper.quietGet(FutureHelper.java:26)
	at com.googlecode.objectify.cache.TransactionWrapper.commit(TransactionWrapper.java:44)
	at com.google.appinventor.server.storage.ObjectifyStorageIo.runJobWithRetries(ObjectifyStorageIo.java:2422)
	at com.google.appinventor.server.storage.ObjectifyStorageIo.createProject(ObjectifyStorageIo.java:674)
	at com.google.appinventor.server.project.youngandroid.YoungAndroidProjectService.newProject(YoungAndroidProjectService.java:315)
	at com.google.appinventor.server.ProjectServiceImpl.newProject(ProjectServiceImpl.java:79)
	at com.google.appinventor.server.ProjectServiceTest$1.run(ProjectServiceTest.java:431)
	at java.lang.Thread.run(Thread.java:724)

jun 19, 2016 3:49:19 PM com.google.appinventor.server.storage.ObjectifyStorageIo runJobWithRetries
WARNING: Optimistic concurrency failure
java.util.ConcurrentModificationException: too much contention on these datastore entities. please try again.
	at com.google.appengine.api.datastore.DatastoreApiHelper.translateError(DatastoreApiHelper.java:48)
	at com.google.appengine.api.datastore.DatastoreApiHelper$AsyncCallWrapper.convertException(DatastoreApiHelper.java:74)
	at com.google.appengine.api.utils.FutureWrapper.get(FutureWrapper.java:96)
	at com.google.appengine.api.utils.FutureWrapper.get(FutureWrapper.java:88)
	at com.google.appengine.api.utils.FutureWrapper.get(FutureWrapper.java:88)
	at com.google.appengine.api.utils.FutureWrapper.get(FutureWrapper.java:88)
	at com.google.appengine.api.utils.FutureWrapper.get(FutureWrapper.java:88)
	at com.googlecode.objectify.cache.TriggerFuture.get(TriggerFuture.java:99)
	at com.googlecode.objectify.util.FutureHelper.quietGet(FutureHelper.java:26)
[...]

  </testsuite>
  <testsuite errors="0" failures="0" hostname="MacBook-Air-de-Tatiana.local" id="38" name="LegoMindstormsNxtBaseTest" package="com.google.appinventor.components.runtime" skipped="0" tests="7" time="0.076" timestamp="2016-06-19T15:51:35">
      <properties>
[...]
</properties>

      <testcase classname="com.google.appinventor.components.runtime.LegoMindstormsNxtBaseTest" name="testBoolean" time="0.01" />

      <testcase classname="com.google.appinventor.components.runtime.LegoMindstormsNxtBaseTest" name="testSBYTE" time="0.003" />

      <testcase classname="com.google.appinventor.components.runtime.LegoMindstormsNxtBaseTest" name="testUBYTE" time="0.001" />

      <testcase classname="com.google.appinventor.components.runtime.LegoMindstormsNxtBaseTest" name="testSWORD" time="0.0" />

      <testcase classname="com.google.appinventor.components.runtime.LegoMindstormsNxtBaseTest" name="testUWORD" time="0.001" />

      <testcase classname="com.google.appinventor.components.runtime.LegoMindstormsNxtBaseTest" name="testSLONG" time="0.0" />

      <testcase classname="com.google.appinventor.components.runtime.LegoMindstormsNxtBaseTest" name="testULONG" time="0.0" />

      <system-out><![CDATA[]]></system-out>

      <system-err><![CDATA[]]></system-err>

  </testsuite>
  <testsuite errors="0" failures="0" hostname="MacBook-Air-de-Tatiana.local" id="39" name="OrientationSensorTest" package="com.google.appinventor.components.runtime" skipped="0" tests="1" time="0.081" timestamp="2016-06-19T15:51:35">
      <properties>
[...]
</properties>

      <testcase classname="com.google.appinventor.components.runtime.OrientationSensorTest" name="testComputeAngle" time="0.025" />

      <system-out><![CDATA[]]></system-out>

      <system-err><![CDATA[]]></system-err>

  </testsuite>
  <testsuite errors="0" failures="0" hostname="MacBook-Air-de-Tatiana.local" id="40" name="SpriteTest" package="com.google.appinventor.components.runtime" skipped="0" tests="5" time="4.614" timestamp="2016-06-19T15:51:36">
      <properties>
[...]
</properties>

      <testcase classname="com.google.appinventor.components.runtime.SpriteTest" name="testHeading" time="0.055" />

      <testcase classname="com.google.appinventor.components.runtime.SpriteTest" name="testCollidingFalse" time="0.066" />

      <testcase classname="com.google.appinventor.components.runtime.SpriteTest" name="testCollidingTrue" time="0.018" />

      <testcase classname="com.google.appinventor.components.runtime.SpriteTest" name="testCollidingCatMouse" time="0.017" />

      <testcase classname="com.google.appinventor.components.runtime.SpriteTest" name="testSpriteBiggerThanCanvas" time="0.004" />

      <system-out><![CDATA[]]></system-out>

      <system-err><![CDATA[]]></system-err>

  </testsuite>
  <testsuite errors="3" failures="0" hostname="MacBook-Air-de-Tatiana.local" id="41" name="WebTest" package="com.google.appinventor.components.runtime" skipped="0" tests="4" time="0.129" timestamp="2016-06-19T15:51:41">
      <properties>
[...]
</properties>

      <testcase classname="com.google.appinventor.components.runtime.WebTest" name="testDecodeXMLText" time="0.067">
          <error type="java.lang.NullPointerException">java.lang.NullPointerException
	at com.google.appinventor.components.runtime.NotifyAJManager.sendNotification(NotifyAJManager.java:33)
	at com.google.appinventor.components.runtime.NotifyAJ.recordDataOnlyFunctions(NotifyAJ.aj:29)
	at com.google.appinventor.components.runtime.Web.JsonTextDecode(Web.java:726)
	at com.google.appinventor.components.runtime.Web.XMLTextDecode(Web.java:775)
	at com.google.appinventor.components.runtime.WebTest.testDecodeXMLText(WebTest.java:94)
</error>

      </testcase>

      <testcase classname="com.google.appinventor.components.runtime.WebTest" name="testDecodeXMLText2" time="0.006">
          <error type="java.lang.NullPointerException">java.lang.NullPointerException
	at com.google.appinventor.components.runtime.NotifyAJManager.sendNotification(NotifyAJManager.java:33)
	at com.google.appinventor.components.runtime.NotifyAJ.recordDataOnlyFunctions(NotifyAJ.aj:29)
	at com.google.appinventor.components.runtime.Web.JsonTextDecode(Web.java:726)
	at com.google.appinventor.components.runtime.Web.XMLTextDecode(Web.java:775)
	at com.google.appinventor.components.runtime.WebTest.testDecodeXMLText2(WebTest.java:109)
</error>

      </testcase>

      <testcase classname="com.google.appinventor.components.runtime.WebTest" name="testDecodeJsonText" time="0.002" />

      <testcase classname="com.google.appinventor.components.runtime.WebTest" name="testbuildRequestData" time="0.003">
          <error type="java.lang.NullPointerException">java.lang.NullPointerException
	at com.google.appinventor.components.runtime.NotifyAJManager.sendNotification(NotifyAJManager.java:33)
	at com.google.appinventor.components.runtime.NotifyAJ.recordDataOnlyFunctions(NotifyAJ.aj:29)
	at com.google.appinventor.components.runtime.Web.UriEncode(Web.java:698)
	at com.google.appinventor.components.runtime.Web.buildRequestData(Web.java:670)
	at com.google.appinventor.components.runtime.WebTest.testbuildRequestData(WebTest.java:144)
</error>

      </testcase>

      <system-out><![CDATA[Before recordDataOnlyFunctions pointcut - AspectJ.
Class: class com.google.appinventor.components.runtime.Web Method: JsonTextDecode - AspectJ
AndroidNonvisibleComponent - AspectJ.
Before recordDataOnlyFunctions pointcut - AspectJ.
Class: class com.google.appinventor.components.runtime.Web Method: JsonTextDecode - AspectJ
AndroidNonvisibleComponent - AspectJ.
Before recordDataOnlyFunctions pointcut - AspectJ.
Class: class com.google.appinventor.components.runtime.Web Method: UriEncode - AspectJ
AndroidNonvisibleComponent - AspectJ.
]]></system-out>

      <system-err><![CDATA[]]></system-err>

  </testsuite>
  <testsuite errors="0" failures="0" hostname="MacBook-Air-de-Tatiana.local" id="42" name="BoundingBoxTest" package="com.google.appinventor.components.runtime.util" skipped="0" tests="2" time="0.06" timestamp="2016-06-19T15:51:42">
      <properties>
[...]
</properties>

      <testcase classname="com.google.appinventor.components.runtime.util.BoundingBoxTest" name="testIntersectNone" time="0.002" />

      <testcase classname="com.google.appinventor.components.runtime.util.BoundingBoxTest" name="testIntersection" time="0.004" />

      <system-out><![CDATA[]]></system-out>

      <system-err><![CDATA[]]></system-err>

  </testsuite>
  <testsuite errors="0" failures="0" hostname="MacBook-Air-de-Tatiana.local" id="43" name="CsvUtilTest" package="com.google.appinventor.components.runtime.util" skipped="0" tests="13" time="0.092" timestamp="2016-06-19T15:51:42">
      <properties>
[...]
</properties>

      <testcase classname="com.google.appinventor.components.runtime.util.CsvUtilTest" name="testFromCSVTableBasic" time="0.023" />

      <testcase classname="com.google.appinventor.components.runtime.util.CsvUtilTest" name="testToCSVTableSingleLevelList" time="0.003" />

      <testcase classname="com.google.appinventor.components.runtime.util.CsvUtilTest" name="testToCSVRowBasic" time="0.001" />

      <testcase classname="com.google.appinventor.components.runtime.util.CsvUtilTest" name="testFromCSVTableEmbeddedDoubleQuotes" time="0.0" />

      <testcase classname="com.google.appinventor.components.runtime.util.CsvUtilTest" name="testFromCSVTableForTrimming" time="0.001" />

      <testcase classname="com.google.appinventor.components.runtime.util.CsvUtilTest" name="testFromCSVRowNoNewline" time="0.0" />

      <testcase classname="com.google.appinventor.components.runtime.util.CsvUtilTest" name="testFromCSVRowNewlineInQuotes" time="0.0" />

      <testcase classname="com.google.appinventor.components.runtime.util.CsvUtilTest" name="testFromCSVRowMultiLineRowLF" time="0.001" />

      <testcase classname="com.google.appinventor.components.runtime.util.CsvUtilTest" name="testFromCSVMultiLineRowCRLF" time="0.0" />

      <testcase classname="com.google.appinventor.components.runtime.util.CsvUtilTest" name="testFromCSVRowForTrimming" time="0.001" />

      <testcase classname="com.google.appinventor.components.runtime.util.CsvUtilTest" name="testToCSVTableBasic" time="0.001" />

      <testcase classname="com.google.appinventor.components.runtime.util.CsvUtilTest" name="testFromCSVTableUnmatchedDoubleQuotes" time="0.0" />

      <testcase classname="com.google.appinventor.components.runtime.util.CsvUtilTest" name="testFromCSVRowWithNewline" time="0.001" />

      <system-out><![CDATA[]]></system-out>

      <system-err><![CDATA[]]></system-err>

  </testsuite>
  <testsuite errors="0" failures="3" hostname="MacBook-Air-de-Tatiana.local" id="44" name="DatesTest" package="com.google.appinventor.components.runtime.util" skipped="0" tests="14" time="1.095" timestamp="2016-06-19T15:51:42">
      <properties>
[...]
</properties>

      <testcase classname="com.google.appinventor.components.runtime.util.DatesTest" name="testSecond" time="0.003" />

      <testcase classname="com.google.appinventor.components.runtime.util.DatesTest" name="testTimer" time="1.008" />

      <testcase classname="com.google.appinventor.components.runtime.util.DatesTest" name="testWeekday" time="0.001" />

      <testcase classname="com.google.appinventor.components.runtime.util.DatesTest" name="testWeekdayName" time="0.013">
          <failure message="null expected:&lt;[Monday]&gt; but was:&lt;[lunes]&gt;" type="junit.framework.ComparisonFailure">junit.framework.ComparisonFailure: null expected:&lt;[Monday]&gt; but was:&lt;[lunes]&gt;
	at com.google.appinventor.components.runtime.util.DatesTest.testWeekdayName(DatesTest.java:254)
</failure>

      </testcase>

      <testcase classname="com.google.appinventor.components.runtime.util.DatesTest" name="testYear" time="0.0" />

      <testcase classname="com.google.appinventor.components.runtime.util.DatesTest" name="testFormatDate" time="0.002">
          <failure message="null expected:&lt;[Ap]r 21, 2008&gt; but was:&lt;[ab]r 21, 2008&gt;" type="junit.framework.ComparisonFailure">junit.framework.ComparisonFailure: null expected:&lt;[Ap]r 21, 2008&gt; but was:&lt;[ab]r 21, 2008&gt;
	at com.google.appinventor.components.runtime.util.DatesTest.testFormatDate(DatesTest.java:174)
</failure>

      </testcase>

      <testcase classname="com.google.appinventor.components.runtime.util.DatesTest" name="testHour" time="0.0" />

      <testcase classname="com.google.appinventor.components.runtime.util.DatesTest" name="testMinute" time="0.001" />

      <testcase classname="com.google.appinventor.components.runtime.util.DatesTest" name="testMonth" time="0.001" />

      <testcase classname="com.google.appinventor.components.runtime.util.DatesTest" name="testMonthName" time="0.001">
          <failure message="null expected:&lt;[Ap]ril&gt; but was:&lt;[ab]ril&gt;" type="junit.framework.ComparisonFailure">junit.framework.ComparisonFailure: null expected:&lt;[Ap]ril&gt; but was:&lt;[ab]ril&gt;
	at com.google.appinventor.components.runtime.util.DatesTest.testMonthName(DatesTest.java:206)
</failure>

      </testcase>

      <testcase classname="com.google.appinventor.components.runtime.util.DatesTest" name="testNow" time="0.0" />

      <testcase classname="com.google.appinventor.components.runtime.util.DatesTest" name="testDateAdd" time="0.001" />

      <testcase classname="com.google.appinventor.components.runtime.util.DatesTest" name="testDateValue" time="0.002" />

      <testcase classname="com.google.appinventor.components.runtime.util.DatesTest" name="testDay" time="0.001" />

      <system-out><![CDATA[]]></system-out>

      <system-err><![CDATA[]]></system-err>

  </testsuite>
  <testsuite errors="0" failures="0" hostname="MacBook-Air-de-Tatiana.local" id="45" name="GameInstanceTest" package="com.google.appinventor.components.runtime.util" skipped="0" tests="5" time="0.068" timestamp="2016-06-19T15:51:44">
      <properties>
[...]
</properties>

      <testcase classname="com.google.appinventor.components.runtime.util.GameInstanceTest" name="testSetPlayersForNoNewPlayers" time="0.005" />

      <testcase classname="com.google.appinventor.components.runtime.util.GameInstanceTest" name="testSetPlayersForLeavingPlayers" time="0.003" />

      <testcase classname="com.google.appinventor.components.runtime.util.GameInstanceTest" name="testSetPlayersLeaveAndAdd" time="0.0" />

      <testcase classname="com.google.appinventor.components.runtime.util.GameInstanceTest" name="testMessageTimesUpdate" time="0.0" />

      <testcase classname="com.google.appinventor.components.runtime.util.GameInstanceTest" name="testSetPlayersForNewPlayers" time="0.0" />

      <system-out><![CDATA[]]></system-out>

      <system-err><![CDATA[]]></system-err>

  </testsuite>
  <testsuite errors="0" failures="0" hostname="MacBook-Air-de-Tatiana.local" id="46" name="JsonUtilTest" package="com.google.appinventor.components.runtime.util" skipped="0" tests="6" time="0.072" timestamp="2016-06-19T15:51:44">
      <properties>
[...]
</properties>

      <testcase classname="com.google.appinventor.components.runtime.util.JsonUtilTest" name="testGetStringListFromJsonArray" time="0.005" />

      <testcase classname="com.google.appinventor.components.runtime.util.JsonUtilTest" name="testGetListFromJsonArray" time="0.008" />

      <testcase classname="com.google.appinventor.components.runtime.util.JsonUtilTest" name="testGetListFromJsonObject" time="0.001" />

      <testcase classname="com.google.appinventor.components.runtime.util.JsonUtilTest" name="testConvertBoolean" time="0.0" />

      <testcase classname="com.google.appinventor.components.runtime.util.JsonUtilTest" name="testConvertNumber" time="0.001" />

      <testcase classname="com.google.appinventor.components.runtime.util.JsonUtilTest" name="testConvertEmpty" time="0.0" />

      <system-out><![CDATA[]]></system-out>

      <system-err><![CDATA[]]></system-err>

  </testsuite>
  <testsuite errors="0" failures="0" hostname="MacBook-Air-de-Tatiana.local" id="47" name="MediaUtilTest" package="com.google.appinventor.components.runtime.util" skipped="0" tests="1" time="0.076" timestamp="2016-06-19T15:51:44">
      <properties>
[...]
</properties>

      <testcase classname="com.google.appinventor.components.runtime.util.MediaUtilTest" name="testFileUrlToFilePath" time="0.025" />

      <system-out><![CDATA[]]></system-out>

      <system-err><![CDATA[]]></system-err>

  </testsuite>
  <testsuite errors="0" failures="0" hostname="MacBook-Air-de-Tatiana.local" id="48" name="OrientationSensorUtilTest" package="com.google.appinventor.components.runtime.util" skipped="0" tests="4" time="0.063" timestamp="2016-06-19T15:51:45">
      <properties>
[...]
</properties>

      <testcase classname="com.google.appinventor.components.runtime.util.OrientationSensorUtilTest" name="testNormalizeAzimuth" time="0.003" />

      <testcase classname="com.google.appinventor.components.runtime.util.OrientationSensorUtilTest" name="testNormalizePitch" time="0.003" />

      <testcase classname="com.google.appinventor.components.runtime.util.OrientationSensorUtilTest" name="testNormalizeRoll" time="0.0" />

      <testcase classname="com.google.appinventor.components.runtime.util.OrientationSensorUtilTest" name="testMod" time="0.001" />

      <system-out><![CDATA[]]></system-out>

      <system-err><![CDATA[]]></system-err>

  </testsuite>
  <testsuite errors="0" failures="0" hostname="MacBook-Air-de-Tatiana.local" id="49" name="PropertyUtilTest" package="com.google.appinventor.components.runtime.util" skipped="0" tests="13" time="0.126" timestamp="2016-06-19T15:51:45">
      <properties>
[...]
</properties>

      <testcase classname="com.google.appinventor.components.runtime.util.PropertyUtilTest" name="testGetterNotSimplePropertyDoesntCopy" time="0.028" />

      <testcase classname="com.google.appinventor.components.runtime.util.PropertyUtilTest" name="testGetterSetterTypeMismatchDoesntCopy" time="0.003" />

      <testcase classname="com.google.appinventor.components.runtime.util.PropertyUtilTest" name="testCopyMethodWithoutAnnotationUsesSetterAndGetter" time="0.003" />

      <testcase classname="com.google.appinventor.components.runtime.util.PropertyUtilTest" name="testOnePropertyWithCopyMethodAndManyPropertiesWithoutCopytMethod" time="0.013" />

      <testcase classname="com.google.appinventor.components.runtime.util.PropertyUtilTest" name="testCopyMethodInSuperClass" time="0.003" />

      <testcase classname="com.google.appinventor.components.runtime.util.PropertyUtilTest" name="testNoSetterDoesntCopy" time="0.001" />

      <testcase classname="com.google.appinventor.components.runtime.util.PropertyUtilTest" name="testCopyMethod" time="0.001" />

      <testcase classname="com.google.appinventor.components.runtime.util.PropertyUtilTest" name="testMultipleProperties" time="0.003" />

      <testcase classname="com.google.appinventor.components.runtime.util.PropertyUtilTest" name="testOneIntProperty" time="0.002" />

      <testcase classname="com.google.appinventor.components.runtime.util.PropertyUtilTest" name="testSetterNotSimplePropertyDoesntCopy" time="0.001" />

      <testcase classname="com.google.appinventor.components.runtime.util.PropertyUtilTest" name="testNoGetterDoesntCopy" time="0.001" />

      <testcase classname="com.google.appinventor.components.runtime.util.PropertyUtilTest" name="testOneStringProperty" time="0.002" />

      <testcase classname="com.google.appinventor.components.runtime.util.PropertyUtilTest" name="testOnlySimplePropertiesAreCopied" time="0.002" />

      <system-out><![CDATA[]]></system-out>

      <system-err><![CDATA[]]></system-err>

  </testsuite>
  <testsuite errors="0" failures="0" hostname="MacBook-Air-de-Tatiana.local" id="50" name="YailListTest" package="com.google.appinventor.components.runtime.util" skipped="0" tests="13" time="0.095" timestamp="2016-06-19T15:51:45">
      <properties>
[...]
</properties>

      <testcase classname="com.google.appinventor.components.runtime.util.YailListTest" name="testJsonStringOutputOfDeepNestedList" time="0.03" />

      <testcase classname="com.google.appinventor.components.runtime.util.YailListTest" name="testJsonStringOutputOfNestedYailList" time="0.003" />

      <testcase classname="com.google.appinventor.components.runtime.util.YailListTest" name="testCreationFromJavaList" time="0.001" />

      <testcase classname="com.google.appinventor.components.runtime.util.YailListTest" name="testCreationFromJavaCollection" time="0.0" />

      <testcase classname="com.google.appinventor.components.runtime.util.YailListTest" name="testCreationFromArray" time="0.0" />

      <testcase classname="com.google.appinventor.components.runtime.util.YailListTest" name="testJsonStringOutputOfNumber" time="0.001" />

      <testcase classname="com.google.appinventor.components.runtime.util.YailListTest" name="testJsonStringOutputOfHeterogenousItems" time="0.001" />

      <testcase classname="com.google.appinventor.components.runtime.util.YailListTest" name="testToString" time="0.0" />

      <testcase classname="com.google.appinventor.components.runtime.util.YailListTest" name="testToStringArray" time="0.0" />

      <testcase classname="com.google.appinventor.components.runtime.util.YailListTest" name="testEmptyJsonStringOutput" time="0.001" />

      <testcase classname="com.google.appinventor.components.runtime.util.YailListTest" name="testJsonStringOutput" time="0.0" />

      <testcase classname="com.google.appinventor.components.runtime.util.YailListTest" name="testJsonStringOutputOfFString" time="0.001" />

      <testcase classname="com.google.appinventor.components.runtime.util.YailListTest" name="testEmptyList" time="0.0" />

      <system-out><![CDATA[]]></system-out>

      <system-err><![CDATA[]]></system-err>

  </testsuite>
</testsuites>
