<?xml version="1.0" encoding="UTF-8" ?>
<testsuites>
  <testsuite errors="0" failures="0" hostname="MacBook-Air-de-Tatiana.local" id="0" name="HtmlEntitiesTest" package="com.google.appinventor.components.common" skipped="0" tests="1" time="0.068" timestamp="2016-06-19T15:51:22">
      <properties>
[...]
</properties>

      <testcase classname="com.google.appinventor.components.common.HtmlEntitiesTest" name="testdecodeHtmlText" time="0.009" />

      <system-out><![CDATA[hex number is 27
hex number is 27
hex number is 27
hex number is 12G
hex number is 12G
hex number is 12G
]]></system-out>

      <system-err><![CDATA[]]></system-err>

  </testsuite>
  <testsuite errors="0" failures="0" hostname="MacBook-Air-de-Tatiana.local" id="1" name="BluetoothConnectionBaseTest" package="com.google.appinventor.components.runtime" skipped="0" tests="5" time="0.127" timestamp="2016-06-19T15:51:34">
      <properties>
[...]
</properties>

      <testcase classname="com.google.appinventor.components.runtime.BluetoothConnectionBaseTest" name="testSendAndReceiveText" time="0.005" />

      <testcase classname="com.google.appinventor.components.runtime.BluetoothConnectionBaseTest" name="testSendandReceive1ByteNumber" time="0.004" />

      <testcase classname="com.google.appinventor.components.runtime.BluetoothConnectionBaseTest" name="testSendAndReceive2ByteNumber" time="0.0" />

      <testcase classname="com.google.appinventor.components.runtime.BluetoothConnectionBaseTest" name="testSendAndReceive4ByteNumber" time="0.002" />

      <testcase classname="com.google.appinventor.components.runtime.BluetoothConnectionBaseTest" name="testSendAndReceiveBytes" time="0.026" />

      <system-out><![CDATA[]]></system-out>

      <system-err><![CDATA[]]></system-err>

  </testsuite>
  <testsuite errors="0" failures="13" hostname="MacBook-Air-de-Tatiana.local" id="2" name="ClockTest" package="com.google.appinventor.components.runtime" skipped="0" tests="31" time="0.102" timestamp="2016-06-19T15:51:35">
      <properties>
[...]
</properties>

      <testcase classname="com.google.appinventor.components.runtime.ClockTest" name="testDurationToDays" time="0.002" />

      <testcase classname="com.google.appinventor.components.runtime.ClockTest" name="testDurationToMinutes" time="0.001" />

      <testcase classname="com.google.appinventor.components.runtime.ClockTest" name="testMakeInstant" time="0.006">
          <failure message="null expected:&lt;[O]ct 11, 1941 09:30:00...&gt; but was:&lt;[o]ct 11, 1941 09:30:00...&gt;" type="junit.framework.ComparisonFailure">junit.framework.ComparisonFailure: null expected:&lt;[O]ct 11, 1941 09:30:00...&gt; but was:&lt;[o]ct 11, 1941 09:30:00...&gt;
	at com.google.appinventor.components.runtime.ClockTest.testMakeInstant(ClockTest.java:46)
</failure>

      </testcase>

      <testcase classname="com.google.appinventor.components.runtime.ClockTest" name="testAddMonths2" time="0.0" />

      <testcase classname="com.google.appinventor.components.runtime.ClockTest" name="testAddWeeks" time="0.001">
          <failure message="null expected:&lt;[S]ep 10, 2002 00:00:00...&gt; but was:&lt;[s]ep 10, 2002 00:00:00...&gt;" type="junit.framework.ComparisonFailure">junit.framework.ComparisonFailure: null expected:&lt;[S]ep 10, 2002 00:00:00...&gt; but was:&lt;[s]ep 10, 2002 00:00:00...&gt;
	at com.google.appinventor.components.runtime.ClockTest.testAddWeeks(ClockTest.java:77)
</failure>

      </testcase>

      <testcase classname="com.google.appinventor.components.runtime.ClockTest" name="testAddWeeks2" time="0.001">
          <failure message="null expected:&lt;[S]ep 18, 2001 00:00:00...&gt; but was:&lt;[s]ep 18, 2001 00:00:00...&gt;" type="junit.framework.ComparisonFailure">junit.framework.ComparisonFailure: null expected:&lt;[S]ep 18, 2001 00:00:00...&gt; but was:&lt;[s]ep 18, 2001 00:00:00...&gt;
	at com.google.appinventor.components.runtime.ClockTest.testAddWeeks2(ClockTest.java:82)
</failure>

      </testcase>

      <testcase classname="com.google.appinventor.components.runtime.ClockTest" name="testAddDays" time="0.002">
          <failure message="null expected:&lt;[O]ct 9, 1941&gt; but was:&lt;[o]ct 9, 1941&gt;" type="junit.framework.ComparisonFailure">junit.framework.ComparisonFailure: null expected:&lt;[O]ct 9, 1941&gt; but was:&lt;[o]ct 9, 1941&gt;
	at com.google.appinventor.components.runtime.ClockTest.testAddDays(ClockTest.java:87)
</failure>

      </testcase>

      <testcase classname="com.google.appinventor.components.runtime.ClockTest" name="testAddDuration" time="0.001">
          <failure message="null expected:&lt;[O]ct 11, 1941 09:30:05...&gt; but was:&lt;[o]ct 11, 1941 09:30:05...&gt;" type="junit.framework.ComparisonFailure">junit.framework.ComparisonFailure: null expected:&lt;[O]ct 11, 1941 09:30:05...&gt; but was:&lt;[o]ct 11, 1941 09:30:05...&gt;
	at com.google.appinventor.components.runtime.ClockTest.testAddDuration(ClockTest.java:111)
</failure>

      </testcase>

      <testcase classname="com.google.appinventor.components.runtime.ClockTest" name="testAddDuration2" time="0.001">
          <failure message="null expected:&lt;[O]ct 25, 1941&gt; but was:&lt;[o]ct 25, 1941&gt;" type="junit.framework.ComparisonFailure">junit.framework.ComparisonFailure: null expected:&lt;[O]ct 25, 1941&gt; but was:&lt;[o]ct 25, 1941&gt;
	at com.google.appinventor.components.runtime.ClockTest.testAddDuration2(ClockTest.java:115)
</failure>

      </testcase>

      <testcase classname="com.google.appinventor.components.runtime.ClockTest" name="testSecond" time="0.0" />

      <testcase classname="com.google.appinventor.components.runtime.ClockTest" name="testMinute" time="0.0" />

      <testcase classname="com.google.appinventor.components.runtime.ClockTest" name="testHour" time="0.0" />

      <testcase classname="com.google.appinventor.components.runtime.ClockTest" name="testWeekday" time="0.002" />

      <testcase classname="com.google.appinventor.components.runtime.ClockTest" name="testWeekdayName" time="0.007">
          <failure message="null expected:&lt;[Monday]&gt; but was:&lt;[lunes]&gt;" type="junit.framework.ComparisonFailure">junit.framework.ComparisonFailure: null expected:&lt;[Monday]&gt; but was:&lt;[lunes]&gt;
	at com.google.appinventor.components.runtime.ClockTest.testWeekdayName(ClockTest.java:135)
</failure>

      </testcase>

      <testcase classname="com.google.appinventor.components.runtime.ClockTest" name="testDayOfMonth" time="0.0" />

      <testcase classname="com.google.appinventor.components.runtime.ClockTest" name="testAddYears" time="0.001">
          <failure message="null expected:&lt;[O]ct 11, 1943&gt; but was:&lt;[o]ct 11, 1943&gt;" type="junit.framework.ComparisonFailure">junit.framework.ComparisonFailure: null expected:&lt;[O]ct 11, 1943&gt; but was:&lt;[o]ct 11, 1943&gt;
	at com.google.appinventor.components.runtime.ClockTest.testAddYears(ClockTest.java:61)
</failure>

      </testcase>

      <testcase classname="com.google.appinventor.components.runtime.ClockTest" name="testAddYears2" time="0.0" />

      <testcase classname="com.google.appinventor.components.runtime.ClockTest" name="testAddMonths" time="0.001" />

      <testcase classname="com.google.appinventor.components.runtime.ClockTest" name="testMonth" time="0.0" />

      <testcase classname="com.google.appinventor.components.runtime.ClockTest" name="testMonthName" time="0.001">
          <failure message="null expected:&lt;[October]&gt; but was:&lt;[octubre]&gt;" type="junit.framework.ComparisonFailure">junit.framework.ComparisonFailure: null expected:&lt;[October]&gt; but was:&lt;[octubre]&gt;
	at com.google.appinventor.components.runtime.ClockTest.testMonthName(ClockTest.java:147)
</failure>

      </testcase>

      <testcase classname="com.google.appinventor.components.runtime.ClockTest" name="testYear" time="0.0" />

      <testcase classname="com.google.appinventor.components.runtime.ClockTest" name="testNow" time="0.0" />

      <testcase classname="com.google.appinventor.components.runtime.ClockTest" name="testDurationToWeeks" time="0.0" />

      <testcase classname="com.google.appinventor.components.runtime.ClockTest" name="testDurationToHours" time="0.0" />

      <testcase classname="com.google.appinventor.components.runtime.ClockTest" name="testAddDays2" time="0.0" />

      <testcase classname="com.google.appinventor.components.runtime.ClockTest" name="testAddHours" time="0.002">
          <failure message="null expected:&lt;[O]ct 11, 1941 07:30:00...&gt; but was:&lt;[o]ct 11, 1941 07:30:00...&gt;" type="junit.framework.ComparisonFailure">junit.framework.ComparisonFailure: null expected:&lt;[O]ct 11, 1941 07:30:00...&gt; but was:&lt;[o]ct 11, 1941 07:30:00...&gt;
	at com.google.appinventor.components.runtime.ClockTest.testAddHours(ClockTest.java:95)
</failure>

      </testcase>

      <testcase classname="com.google.appinventor.components.runtime.ClockTest" name="testAddHours2" time="0.0" />

      <testcase classname="com.google.appinventor.components.runtime.ClockTest" name="testAddMinutes" time="0.001">
          <failure message="null expected:&lt;[O]ct 11, 1941 09:32:00...&gt; but was:&lt;[o]ct 11, 1941 09:32:00...&gt;" type="junit.framework.ComparisonFailure">junit.framework.ComparisonFailure: null expected:&lt;[O]ct 11, 1941 09:32:00...&gt; but was:&lt;[o]ct 11, 1941 09:32:00...&gt;
	at com.google.appinventor.components.runtime.ClockTest.testAddMinutes(ClockTest.java:103)
</failure>

      </testcase>

      <testcase classname="com.google.appinventor.components.runtime.ClockTest" name="testAddSeconds" time="0.001">
          <failure message="null expected:&lt;9:31:01[ AM]&gt; but was:&lt;9:31:01[]&gt;" type="junit.framework.ComparisonFailure">junit.framework.ComparisonFailure: null expected:&lt;9:31:01[ AM]&gt; but was:&lt;9:31:01[]&gt;
	at com.google.appinventor.components.runtime.ClockTest.testAddSeconds(ClockTest.java:107)
</failure>

      </testcase>

      <testcase classname="com.google.appinventor.components.runtime.ClockTest" name="testMakeInstantFromMillis" time="0.001">
          <failure message="null expected:&lt;[Jan] 1, 1970 00:00:00 AM&gt; but was:&lt;[ene] 1, 1970 00:00:00 AM&gt;" type="junit.framework.ComparisonFailure">junit.framework.ComparisonFailure: null expected:&lt;[Jan] 1, 1970 00:00:00 AM&gt; but was:&lt;[ene] 1, 1970 00:00:00 AM&gt;
	at com.google.appinventor.components.runtime.ClockTest.testMakeInstantFromMillis(ClockTest.java:50)
</failure>

      </testcase>

      <testcase classname="com.google.appinventor.components.runtime.ClockTest" name="testGetMillis" time="0.001" />

      <system-out><![CDATA[]]></system-out>

      <system-err><![CDATA[]]></system-err>

  </testsuite>
  <testsuite errors="0" failures="0" hostname="MacBook-Air-de-Tatiana.local" id="3" name="LegoMindstormsNxtBaseTest" package="com.google.appinventor.components.runtime" skipped="0" tests="7" time="0.076" timestamp="2016-06-19T15:51:35">
      <properties>
[...]
</properties>

      <testcase classname="com.google.appinventor.components.runtime.LegoMindstormsNxtBaseTest" name="testBoolean" time="0.01" />

      <testcase classname="com.google.appinventor.components.runtime.LegoMindstormsNxtBaseTest" name="testSBYTE" time="0.003" />

      <testcase classname="com.google.appinventor.components.runtime.LegoMindstormsNxtBaseTest" name="testUBYTE" time="0.001" />

      <testcase classname="com.google.appinventor.components.runtime.LegoMindstormsNxtBaseTest" name="testSWORD" time="0.0" />

      <testcase classname="com.google.appinventor.components.runtime.LegoMindstormsNxtBaseTest" name="testUWORD" time="0.001" />

      <testcase classname="com.google.appinventor.components.runtime.LegoMindstormsNxtBaseTest" name="testSLONG" time="0.0" />

      <testcase classname="com.google.appinventor.components.runtime.LegoMindstormsNxtBaseTest" name="testULONG" time="0.0" />

      <system-out><![CDATA[]]></system-out>

      <system-err><![CDATA[]]></system-err>

  </testsuite>
  <testsuite errors="0" failures="0" hostname="MacBook-Air-de-Tatiana.local" id="4" name="OrientationSensorTest" package="com.google.appinventor.components.runtime" skipped="0" tests="1" time="0.081" timestamp="2016-06-19T15:51:35">
      <properties>
[...]
</properties>

      <testcase classname="com.google.appinventor.components.runtime.OrientationSensorTest" name="testComputeAngle" time="0.025" />

      <system-out><![CDATA[]]></system-out>

      <system-err><![CDATA[]]></system-err>

  </testsuite>
  <testsuite errors="0" failures="0" hostname="MacBook-Air-de-Tatiana.local" id="5" name="SpriteTest" package="com.google.appinventor.components.runtime" skipped="0" tests="5" time="4.614" timestamp="2016-06-19T15:51:36">
      <properties>
[...]
</properties>

      <testcase classname="com.google.appinventor.components.runtime.SpriteTest" name="testHeading" time="0.055" />

      <testcase classname="com.google.appinventor.components.runtime.SpriteTest" name="testCollidingFalse" time="0.066" />

      <testcase classname="com.google.appinventor.components.runtime.SpriteTest" name="testCollidingTrue" time="0.018" />

      <testcase classname="com.google.appinventor.components.runtime.SpriteTest" name="testCollidingCatMouse" time="0.017" />

      <testcase classname="com.google.appinventor.components.runtime.SpriteTest" name="testSpriteBiggerThanCanvas" time="0.004" />

      <system-out><![CDATA[]]></system-out>

      <system-err><![CDATA[]]></system-err>

  </testsuite>
  <testsuite errors="3" failures="0" hostname="MacBook-Air-de-Tatiana.local" id="6" name="WebTest" package="com.google.appinventor.components.runtime" skipped="0" tests="4" time="0.129" timestamp="2016-06-19T15:51:41">
      <properties>
[...]
</properties>

      <testcase classname="com.google.appinventor.components.runtime.WebTest" name="testDecodeXMLText" time="0.067">
          <error type="java.lang.NullPointerException">java.lang.NullPointerException
	at com.google.appinventor.components.runtime.NotifyAJManager.sendNotification(NotifyAJManager.java:33)
	at com.google.appinventor.components.runtime.NotifyAJ.recordDataOnlyFunctions(NotifyAJ.aj:29)
	at com.google.appinventor.components.runtime.Web.JsonTextDecode(Web.java:726)
	at com.google.appinventor.components.runtime.Web.XMLTextDecode(Web.java:775)
	at com.google.appinventor.components.runtime.WebTest.testDecodeXMLText(WebTest.java:94)
</error>

      </testcase>

      <testcase classname="com.google.appinventor.components.runtime.WebTest" name="testDecodeXMLText2" time="0.006">
          <error type="java.lang.NullPointerException">java.lang.NullPointerException
	at com.google.appinventor.components.runtime.NotifyAJManager.sendNotification(NotifyAJManager.java:33)
	at com.google.appinventor.components.runtime.NotifyAJ.recordDataOnlyFunctions(NotifyAJ.aj:29)
	at com.google.appinventor.components.runtime.Web.JsonTextDecode(Web.java:726)
	at com.google.appinventor.components.runtime.Web.XMLTextDecode(Web.java:775)
	at com.google.appinventor.components.runtime.WebTest.testDecodeXMLText2(WebTest.java:109)
</error>

      </testcase>

      <testcase classname="com.google.appinventor.components.runtime.WebTest" name="testDecodeJsonText" time="0.002" />

      <testcase classname="com.google.appinventor.components.runtime.WebTest" name="testbuildRequestData" time="0.003">
          <error type="java.lang.NullPointerException">java.lang.NullPointerException
	at com.google.appinventor.components.runtime.NotifyAJManager.sendNotification(NotifyAJManager.java:33)
	at com.google.appinventor.components.runtime.NotifyAJ.recordDataOnlyFunctions(NotifyAJ.aj:29)
	at com.google.appinventor.components.runtime.Web.UriEncode(Web.java:698)
	at com.google.appinventor.components.runtime.Web.buildRequestData(Web.java:670)
	at com.google.appinventor.components.runtime.WebTest.testbuildRequestData(WebTest.java:144)
</error>

      </testcase>

      <system-out><![CDATA[Before recordDataOnlyFunctions pointcut - AspectJ.
Class: class com.google.appinventor.components.runtime.Web Method: JsonTextDecode - AspectJ
AndroidNonvisibleComponent - AspectJ.
Before recordDataOnlyFunctions pointcut - AspectJ.
Class: class com.google.appinventor.components.runtime.Web Method: JsonTextDecode - AspectJ
AndroidNonvisibleComponent - AspectJ.
Before recordDataOnlyFunctions pointcut - AspectJ.
Class: class com.google.appinventor.components.runtime.Web Method: UriEncode - AspectJ
AndroidNonvisibleComponent - AspectJ.
]]></system-out>

      <system-err><![CDATA[]]></system-err>

  </testsuite>
  <testsuite errors="0" failures="0" hostname="MacBook-Air-de-Tatiana.local" id="7" name="BoundingBoxTest" package="com.google.appinventor.components.runtime.util" skipped="0" tests="2" time="0.06" timestamp="2016-06-19T15:51:42">
      <properties>
[...]
</properties>

      <testcase classname="com.google.appinventor.components.runtime.util.BoundingBoxTest" name="testIntersectNone" time="0.002" />

      <testcase classname="com.google.appinventor.components.runtime.util.BoundingBoxTest" name="testIntersection" time="0.004" />

      <system-out><![CDATA[]]></system-out>

      <system-err><![CDATA[]]></system-err>

  </testsuite>
  <testsuite errors="0" failures="0" hostname="MacBook-Air-de-Tatiana.local" id="8" name="CsvUtilTest" package="com.google.appinventor.components.runtime.util" skipped="0" tests="13" time="0.092" timestamp="2016-06-19T15:51:42">
      <properties>
[...]
</properties>

      <testcase classname="com.google.appinventor.components.runtime.util.CsvUtilTest" name="testFromCSVTableBasic" time="0.023" />

      <testcase classname="com.google.appinventor.components.runtime.util.CsvUtilTest" name="testToCSVTableSingleLevelList" time="0.003" />

      <testcase classname="com.google.appinventor.components.runtime.util.CsvUtilTest" name="testToCSVRowBasic" time="0.001" />

      <testcase classname="com.google.appinventor.components.runtime.util.CsvUtilTest" name="testFromCSVTableEmbeddedDoubleQuotes" time="0.0" />

      <testcase classname="com.google.appinventor.components.runtime.util.CsvUtilTest" name="testFromCSVTableForTrimming" time="0.001" />

      <testcase classname="com.google.appinventor.components.runtime.util.CsvUtilTest" name="testFromCSVRowNoNewline" time="0.0" />

      <testcase classname="com.google.appinventor.components.runtime.util.CsvUtilTest" name="testFromCSVRowNewlineInQuotes" time="0.0" />

      <testcase classname="com.google.appinventor.components.runtime.util.CsvUtilTest" name="testFromCSVRowMultiLineRowLF" time="0.001" />

      <testcase classname="com.google.appinventor.components.runtime.util.CsvUtilTest" name="testFromCSVMultiLineRowCRLF" time="0.0" />

      <testcase classname="com.google.appinventor.components.runtime.util.CsvUtilTest" name="testFromCSVRowForTrimming" time="0.001" />

      <testcase classname="com.google.appinventor.components.runtime.util.CsvUtilTest" name="testToCSVTableBasic" time="0.001" />

      <testcase classname="com.google.appinventor.components.runtime.util.CsvUtilTest" name="testFromCSVTableUnmatchedDoubleQuotes" time="0.0" />

      <testcase classname="com.google.appinventor.components.runtime.util.CsvUtilTest" name="testFromCSVRowWithNewline" time="0.001" />

      <system-out><![CDATA[]]></system-out>

      <system-err><![CDATA[]]></system-err>

  </testsuite>
  <testsuite errors="0" failures="3" hostname="MacBook-Air-de-Tatiana.local" id="9" name="DatesTest" package="com.google.appinventor.components.runtime.util" skipped="0" tests="14" time="1.095" timestamp="2016-06-19T15:51:42">
      <properties>
[...]
</properties>

      <testcase classname="com.google.appinventor.components.runtime.util.DatesTest" name="testSecond" time="0.003" />

      <testcase classname="com.google.appinventor.components.runtime.util.DatesTest" name="testTimer" time="1.008" />

      <testcase classname="com.google.appinventor.components.runtime.util.DatesTest" name="testWeekday" time="0.001" />

      <testcase classname="com.google.appinventor.components.runtime.util.DatesTest" name="testWeekdayName" time="0.013">
          <failure message="null expected:&lt;[Monday]&gt; but was:&lt;[lunes]&gt;" type="junit.framework.ComparisonFailure">junit.framework.ComparisonFailure: null expected:&lt;[Monday]&gt; but was:&lt;[lunes]&gt;
	at com.google.appinventor.components.runtime.util.DatesTest.testWeekdayName(DatesTest.java:254)
</failure>

      </testcase>

      <testcase classname="com.google.appinventor.components.runtime.util.DatesTest" name="testYear" time="0.0" />

      <testcase classname="com.google.appinventor.components.runtime.util.DatesTest" name="testFormatDate" time="0.002">
          <failure message="null expected:&lt;[Ap]r 21, 2008&gt; but was:&lt;[ab]r 21, 2008&gt;" type="junit.framework.ComparisonFailure">junit.framework.ComparisonFailure: null expected:&lt;[Ap]r 21, 2008&gt; but was:&lt;[ab]r 21, 2008&gt;
	at com.google.appinventor.components.runtime.util.DatesTest.testFormatDate(DatesTest.java:174)
</failure>

      </testcase>

      <testcase classname="com.google.appinventor.components.runtime.util.DatesTest" name="testHour" time="0.0" />

      <testcase classname="com.google.appinventor.components.runtime.util.DatesTest" name="testMinute" time="0.001" />

      <testcase classname="com.google.appinventor.components.runtime.util.DatesTest" name="testMonth" time="0.001" />

      <testcase classname="com.google.appinventor.components.runtime.util.DatesTest" name="testMonthName" time="0.001">
          <failure message="null expected:&lt;[Ap]ril&gt; but was:&lt;[ab]ril&gt;" type="junit.framework.ComparisonFailure">junit.framework.ComparisonFailure: null expected:&lt;[Ap]ril&gt; but was:&lt;[ab]ril&gt;
	at com.google.appinventor.components.runtime.util.DatesTest.testMonthName(DatesTest.java:206)
</failure>

      </testcase>

      <testcase classname="com.google.appinventor.components.runtime.util.DatesTest" name="testNow" time="0.0" />

      <testcase classname="com.google.appinventor.components.runtime.util.DatesTest" name="testDateAdd" time="0.001" />

      <testcase classname="com.google.appinventor.components.runtime.util.DatesTest" name="testDateValue" time="0.002" />

      <testcase classname="com.google.appinventor.components.runtime.util.DatesTest" name="testDay" time="0.001" />

      <system-out><![CDATA[]]></system-out>

      <system-err><![CDATA[]]></system-err>

  </testsuite>
  <testsuite errors="0" failures="0" hostname="MacBook-Air-de-Tatiana.local" id="10" name="GameInstanceTest" package="com.google.appinventor.components.runtime.util" skipped="0" tests="5" time="0.068" timestamp="2016-06-19T15:51:44">
      <properties>
[...]
</properties>

      <testcase classname="com.google.appinventor.components.runtime.util.GameInstanceTest" name="testSetPlayersForNoNewPlayers" time="0.005" />

      <testcase classname="com.google.appinventor.components.runtime.util.GameInstanceTest" name="testSetPlayersForLeavingPlayers" time="0.003" />

      <testcase classname="com.google.appinventor.components.runtime.util.GameInstanceTest" name="testSetPlayersLeaveAndAdd" time="0.0" />

      <testcase classname="com.google.appinventor.components.runtime.util.GameInstanceTest" name="testMessageTimesUpdate" time="0.0" />

      <testcase classname="com.google.appinventor.components.runtime.util.GameInstanceTest" name="testSetPlayersForNewPlayers" time="0.0" />

      <system-out><![CDATA[]]></system-out>

      <system-err><![CDATA[]]></system-err>

  </testsuite>
  <testsuite errors="0" failures="0" hostname="MacBook-Air-de-Tatiana.local" id="11" name="JsonUtilTest" package="com.google.appinventor.components.runtime.util" skipped="0" tests="6" time="0.072" timestamp="2016-06-19T15:51:44">
      <properties>
[...]
</properties>

      <testcase classname="com.google.appinventor.components.runtime.util.JsonUtilTest" name="testGetStringListFromJsonArray" time="0.005" />

      <testcase classname="com.google.appinventor.components.runtime.util.JsonUtilTest" name="testGetListFromJsonArray" time="0.008" />

      <testcase classname="com.google.appinventor.components.runtime.util.JsonUtilTest" name="testGetListFromJsonObject" time="0.001" />

      <testcase classname="com.google.appinventor.components.runtime.util.JsonUtilTest" name="testConvertBoolean" time="0.0" />

      <testcase classname="com.google.appinventor.components.runtime.util.JsonUtilTest" name="testConvertNumber" time="0.001" />

      <testcase classname="com.google.appinventor.components.runtime.util.JsonUtilTest" name="testConvertEmpty" time="0.0" />

      <system-out><![CDATA[]]></system-out>

      <system-err><![CDATA[]]></system-err>

  </testsuite>
  <testsuite errors="0" failures="0" hostname="MacBook-Air-de-Tatiana.local" id="12" name="MediaUtilTest" package="com.google.appinventor.components.runtime.util" skipped="0" tests="1" time="0.076" timestamp="2016-06-19T15:51:44">
      <properties>
[...]
</properties>

      <testcase classname="com.google.appinventor.components.runtime.util.MediaUtilTest" name="testFileUrlToFilePath" time="0.025" />

      <system-out><![CDATA[]]></system-out>

      <system-err><![CDATA[]]></system-err>

  </testsuite>
  <testsuite errors="0" failures="0" hostname="MacBook-Air-de-Tatiana.local" id="13" name="OrientationSensorUtilTest" package="com.google.appinventor.components.runtime.util" skipped="0" tests="4" time="0.063" timestamp="2016-06-19T15:51:45">
      <properties>
[...]
</properties>

      <testcase classname="com.google.appinventor.components.runtime.util.OrientationSensorUtilTest" name="testNormalizeAzimuth" time="0.003" />

      <testcase classname="com.google.appinventor.components.runtime.util.OrientationSensorUtilTest" name="testNormalizePitch" time="0.003" />

      <testcase classname="com.google.appinventor.components.runtime.util.OrientationSensorUtilTest" name="testNormalizeRoll" time="0.0" />

      <testcase classname="com.google.appinventor.components.runtime.util.OrientationSensorUtilTest" name="testMod" time="0.001" />

      <system-out><![CDATA[]]></system-out>

      <system-err><![CDATA[]]></system-err>

  </testsuite>
  <testsuite errors="0" failures="0" hostname="MacBook-Air-de-Tatiana.local" id="14" name="PropertyUtilTest" package="com.google.appinventor.components.runtime.util" skipped="0" tests="13" time="0.126" timestamp="2016-06-19T15:51:45">
      <properties>
[...]
</properties>

      <testcase classname="com.google.appinventor.components.runtime.util.PropertyUtilTest" name="testGetterNotSimplePropertyDoesntCopy" time="0.028" />

      <testcase classname="com.google.appinventor.components.runtime.util.PropertyUtilTest" name="testGetterSetterTypeMismatchDoesntCopy" time="0.003" />

      <testcase classname="com.google.appinventor.components.runtime.util.PropertyUtilTest" name="testCopyMethodWithoutAnnotationUsesSetterAndGetter" time="0.003" />

      <testcase classname="com.google.appinventor.components.runtime.util.PropertyUtilTest" name="testOnePropertyWithCopyMethodAndManyPropertiesWithoutCopytMethod" time="0.013" />

      <testcase classname="com.google.appinventor.components.runtime.util.PropertyUtilTest" name="testCopyMethodInSuperClass" time="0.003" />

      <testcase classname="com.google.appinventor.components.runtime.util.PropertyUtilTest" name="testNoSetterDoesntCopy" time="0.001" />

      <testcase classname="com.google.appinventor.components.runtime.util.PropertyUtilTest" name="testCopyMethod" time="0.001" />

      <testcase classname="com.google.appinventor.components.runtime.util.PropertyUtilTest" name="testMultipleProperties" time="0.003" />

      <testcase classname="com.google.appinventor.components.runtime.util.PropertyUtilTest" name="testOneIntProperty" time="0.002" />

      <testcase classname="com.google.appinventor.components.runtime.util.PropertyUtilTest" name="testSetterNotSimplePropertyDoesntCopy" time="0.001" />

      <testcase classname="com.google.appinventor.components.runtime.util.PropertyUtilTest" name="testNoGetterDoesntCopy" time="0.001" />

      <testcase classname="com.google.appinventor.components.runtime.util.PropertyUtilTest" name="testOneStringProperty" time="0.002" />

      <testcase classname="com.google.appinventor.components.runtime.util.PropertyUtilTest" name="testOnlySimplePropertiesAreCopied" time="0.002" />

      <system-out><![CDATA[]]></system-out>

      <system-err><![CDATA[]]></system-err>

  </testsuite>
  <testsuite errors="0" failures="0" hostname="MacBook-Air-de-Tatiana.local" id="15" name="YailListTest" package="com.google.appinventor.components.runtime.util" skipped="0" tests="13" time="0.095" timestamp="2016-06-19T15:51:45">
      <properties>
[...]
</properties>

      <testcase classname="com.google.appinventor.components.runtime.util.YailListTest" name="testJsonStringOutputOfDeepNestedList" time="0.03" />

      <testcase classname="com.google.appinventor.components.runtime.util.YailListTest" name="testJsonStringOutputOfNestedYailList" time="0.003" />

      <testcase classname="com.google.appinventor.components.runtime.util.YailListTest" name="testCreationFromJavaList" time="0.001" />

      <testcase classname="com.google.appinventor.components.runtime.util.YailListTest" name="testCreationFromJavaCollection" time="0.0" />

      <testcase classname="com.google.appinventor.components.runtime.util.YailListTest" name="testCreationFromArray" time="0.0" />

      <testcase classname="com.google.appinventor.components.runtime.util.YailListTest" name="testJsonStringOutputOfNumber" time="0.001" />

      <testcase classname="com.google.appinventor.components.runtime.util.YailListTest" name="testJsonStringOutputOfHeterogenousItems" time="0.001" />

      <testcase classname="com.google.appinventor.components.runtime.util.YailListTest" name="testToString" time="0.0" />

      <testcase classname="com.google.appinventor.components.runtime.util.YailListTest" name="testToStringArray" time="0.0" />

      <testcase classname="com.google.appinventor.components.runtime.util.YailListTest" name="testEmptyJsonStringOutput" time="0.001" />

      <testcase classname="com.google.appinventor.components.runtime.util.YailListTest" name="testJsonStringOutput" time="0.0" />

      <testcase classname="com.google.appinventor.components.runtime.util.YailListTest" name="testJsonStringOutputOfFString" time="0.001" />

      <testcase classname="com.google.appinventor.components.runtime.util.YailListTest" name="testEmptyList" time="0.0" />

      <system-out><![CDATA[]]></system-out>

      <system-err><![CDATA[]]></system-err>

  </testsuite>
</testsuites>
