<?xml version="1.0" encoding="UTF-8" ?>
<testsuite errors="0" failures="0" hostname="MacBook-Air-de-Tatiana.local" name="com.google.appinventor.shared.rpc.project.youngandroid.YoungAndroidSourceNodeTest" skipped="0" tests="1" time="0.065" timestamp="2016-06-19T15:48:54">
  <properties>
[...]
</properties>
  <testcase classname="com.google.appinventor.shared.rpc.project.youngandroid.YoungAndroidSourceNodeTest" name="testGetQualifiedName" time="0.01" />
  <system-out><![CDATA[]]></system-out>
  <system-err><![CDATA[]]></system-err>
</testsuite>
