<?xml version="1.0" encoding="UTF-8" ?>
<testsuite errors="0" failures="0" hostname="MacBook-Air-de-Tatiana.local" name="com.google.appinventor.components.runtime.SpriteTest" skipped="0" tests="5" time="4.614" timestamp="2016-06-19T15:51:36">
  <properties>
[...]
</properties>
  <testcase classname="com.google.appinventor.components.runtime.SpriteTest" name="testHeading" time="0.055" />
  <testcase classname="com.google.appinventor.components.runtime.SpriteTest" name="testCollidingFalse" time="0.066" />
  <testcase classname="com.google.appinventor.components.runtime.SpriteTest" name="testCollidingTrue" time="0.018" />
  <testcase classname="com.google.appinventor.components.runtime.SpriteTest" name="testCollidingCatMouse" time="0.017" />
  <testcase classname="com.google.appinventor.components.runtime.SpriteTest" name="testSpriteBiggerThanCanvas" time="0.004" />
  <system-out><![CDATA[]]></system-out>
  <system-err><![CDATA[]]></system-err>
</testsuite>
