<?xml version="1.0" encoding="UTF-8" ?>
<testsuite errors="0" failures="13" hostname="MacBook-Air-de-Tatiana.local" name="com.google.appinventor.components.runtime.ClockTest" skipped="0" tests="31" time="0.102" timestamp="2016-06-19T15:51:35">
  <properties>
[...]
</properties>
  <testcase classname="com.google.appinventor.components.runtime.ClockTest" name="testDurationToDays" time="0.002" />
  <testcase classname="com.google.appinventor.components.runtime.ClockTest" name="testDurationToMinutes" time="0.001" />
  <testcase classname="com.google.appinventor.components.runtime.ClockTest" name="testMakeInstant" time="0.006">
    <failure message="null expected:&lt;[O]ct 11, 1941 09:30:00...&gt; but was:&lt;[o]ct 11, 1941 09:30:00...&gt;" type="junit.framework.ComparisonFailure">junit.framework.ComparisonFailure: null expected:&lt;[O]ct 11, 1941 09:30:00...&gt; but was:&lt;[o]ct 11, 1941 09:30:00...&gt;
	at com.google.appinventor.components.runtime.ClockTest.testMakeInstant(ClockTest.java:46)
</failure>
  </testcase>
  <testcase classname="com.google.appinventor.components.runtime.ClockTest" name="testAddMonths2" time="0.0" />
  <testcase classname="com.google.appinventor.components.runtime.ClockTest" name="testAddWeeks" time="0.001">
    <failure message="null expected:&lt;[S]ep 10, 2002 00:00:00...&gt; but was:&lt;[s]ep 10, 2002 00:00:00...&gt;" type="junit.framework.ComparisonFailure">junit.framework.ComparisonFailure: null expected:&lt;[S]ep 10, 2002 00:00:00...&gt; but was:&lt;[s]ep 10, 2002 00:00:00...&gt;
	at com.google.appinventor.components.runtime.ClockTest.testAddWeeks(ClockTest.java:77)
</failure>
  </testcase>
  <testcase classname="com.google.appinventor.components.runtime.ClockTest" name="testAddWeeks2" time="0.001">
    <failure message="null expected:&lt;[S]ep 18, 2001 00:00:00...&gt; but was:&lt;[s]ep 18, 2001 00:00:00...&gt;" type="junit.framework.ComparisonFailure">junit.framework.ComparisonFailure: null expected:&lt;[S]ep 18, 2001 00:00:00...&gt; but was:&lt;[s]ep 18, 2001 00:00:00...&gt;
	at com.google.appinventor.components.runtime.ClockTest.testAddWeeks2(ClockTest.java:82)
</failure>
  </testcase>
  <testcase classname="com.google.appinventor.components.runtime.ClockTest" name="testAddDays" time="0.002">
    <failure message="null expected:&lt;[O]ct 9, 1941&gt; but was:&lt;[o]ct 9, 1941&gt;" type="junit.framework.ComparisonFailure">junit.framework.ComparisonFailure: null expected:&lt;[O]ct 9, 1941&gt; but was:&lt;[o]ct 9, 1941&gt;
	at com.google.appinventor.components.runtime.ClockTest.testAddDays(ClockTest.java:87)
</failure>
  </testcase>
  <testcase classname="com.google.appinventor.components.runtime.ClockTest" name="testAddDuration" time="0.001">
    <failure message="null expected:&lt;[O]ct 11, 1941 09:30:05...&gt; but was:&lt;[o]ct 11, 1941 09:30:05...&gt;" type="junit.framework.ComparisonFailure">junit.framework.ComparisonFailure: null expected:&lt;[O]ct 11, 1941 09:30:05...&gt; but was:&lt;[o]ct 11, 1941 09:30:05...&gt;
	at com.google.appinventor.components.runtime.ClockTest.testAddDuration(ClockTest.java:111)
</failure>
  </testcase>
  <testcase classname="com.google.appinventor.components.runtime.ClockTest" name="testAddDuration2" time="0.001">
    <failure message="null expected:&lt;[O]ct 25, 1941&gt; but was:&lt;[o]ct 25, 1941&gt;" type="junit.framework.ComparisonFailure">junit.framework.ComparisonFailure: null expected:&lt;[O]ct 25, 1941&gt; but was:&lt;[o]ct 25, 1941&gt;
	at com.google.appinventor.components.runtime.ClockTest.testAddDuration2(ClockTest.java:115)
</failure>
  </testcase>
  <testcase classname="com.google.appinventor.components.runtime.ClockTest" name="testSecond" time="0.0" />
  <testcase classname="com.google.appinventor.components.runtime.ClockTest" name="testMinute" time="0.0" />
  <testcase classname="com.google.appinventor.components.runtime.ClockTest" name="testHour" time="0.0" />
  <testcase classname="com.google.appinventor.components.runtime.ClockTest" name="testWeekday" time="0.002" />
  <testcase classname="com.google.appinventor.components.runtime.ClockTest" name="testWeekdayName" time="0.007">
    <failure message="null expected:&lt;[Monday]&gt; but was:&lt;[lunes]&gt;" type="junit.framework.ComparisonFailure">junit.framework.ComparisonFailure: null expected:&lt;[Monday]&gt; but was:&lt;[lunes]&gt;
	at com.google.appinventor.components.runtime.ClockTest.testWeekdayName(ClockTest.java:135)
</failure>
  </testcase>
  <testcase classname="com.google.appinventor.components.runtime.ClockTest" name="testDayOfMonth" time="0.0" />
  <testcase classname="com.google.appinventor.components.runtime.ClockTest" name="testAddYears" time="0.001">
    <failure message="null expected:&lt;[O]ct 11, 1943&gt; but was:&lt;[o]ct 11, 1943&gt;" type="junit.framework.ComparisonFailure">junit.framework.ComparisonFailure: null expected:&lt;[O]ct 11, 1943&gt; but was:&lt;[o]ct 11, 1943&gt;
	at com.google.appinventor.components.runtime.ClockTest.testAddYears(ClockTest.java:61)
</failure>
  </testcase>
  <testcase classname="com.google.appinventor.components.runtime.ClockTest" name="testAddYears2" time="0.0" />
  <testcase classname="com.google.appinventor.components.runtime.ClockTest" name="testAddMonths" time="0.001" />
  <testcase classname="com.google.appinventor.components.runtime.ClockTest" name="testMonth" time="0.0" />
  <testcase classname="com.google.appinventor.components.runtime.ClockTest" name="testMonthName" time="0.001">
    <failure message="null expected:&lt;[October]&gt; but was:&lt;[octubre]&gt;" type="junit.framework.ComparisonFailure">junit.framework.ComparisonFailure: null expected:&lt;[October]&gt; but was:&lt;[octubre]&gt;
	at com.google.appinventor.components.runtime.ClockTest.testMonthName(ClockTest.java:147)
</failure>
  </testcase>
  <testcase classname="com.google.appinventor.components.runtime.ClockTest" name="testYear" time="0.0" />
  <testcase classname="com.google.appinventor.components.runtime.ClockTest" name="testNow" time="0.0" />
  <testcase classname="com.google.appinventor.components.runtime.ClockTest" name="testDurationToWeeks" time="0.0" />
  <testcase classname="com.google.appinventor.components.runtime.ClockTest" name="testDurationToHours" time="0.0" />
  <testcase classname="com.google.appinventor.components.runtime.ClockTest" name="testAddDays2" time="0.0" />
  <testcase classname="com.google.appinventor.components.runtime.ClockTest" name="testAddHours" time="0.002">
    <failure message="null expected:&lt;[O]ct 11, 1941 07:30:00...&gt; but was:&lt;[o]ct 11, 1941 07:30:00...&gt;" type="junit.framework.ComparisonFailure">junit.framework.ComparisonFailure: null expected:&lt;[O]ct 11, 1941 07:30:00...&gt; but was:&lt;[o]ct 11, 1941 07:30:00...&gt;
	at com.google.appinventor.components.runtime.ClockTest.testAddHours(ClockTest.java:95)
</failure>
  </testcase>
  <testcase classname="com.google.appinventor.components.runtime.ClockTest" name="testAddHours2" time="0.0" />
  <testcase classname="com.google.appinventor.components.runtime.ClockTest" name="testAddMinutes" time="0.001">
    <failure message="null expected:&lt;[O]ct 11, 1941 09:32:00...&gt; but was:&lt;[o]ct 11, 1941 09:32:00...&gt;" type="junit.framework.ComparisonFailure">junit.framework.ComparisonFailure: null expected:&lt;[O]ct 11, 1941 09:32:00...&gt; but was:&lt;[o]ct 11, 1941 09:32:00...&gt;
	at com.google.appinventor.components.runtime.ClockTest.testAddMinutes(ClockTest.java:103)
</failure>
  </testcase>
  <testcase classname="com.google.appinventor.components.runtime.ClockTest" name="testAddSeconds" time="0.001">
    <failure message="null expected:&lt;9:31:01[ AM]&gt; but was:&lt;9:31:01[]&gt;" type="junit.framework.ComparisonFailure">junit.framework.ComparisonFailure: null expected:&lt;9:31:01[ AM]&gt; but was:&lt;9:31:01[]&gt;
	at com.google.appinventor.components.runtime.ClockTest.testAddSeconds(ClockTest.java:107)
</failure>
  </testcase>
  <testcase classname="com.google.appinventor.components.runtime.ClockTest" name="testMakeInstantFromMillis" time="0.001">
    <failure message="null expected:&lt;[Jan] 1, 1970 00:00:00 AM&gt; but was:&lt;[ene] 1, 1970 00:00:00 AM&gt;" type="junit.framework.ComparisonFailure">junit.framework.ComparisonFailure: null expected:&lt;[Jan] 1, 1970 00:00:00 AM&gt; but was:&lt;[ene] 1, 1970 00:00:00 AM&gt;
	at com.google.appinventor.components.runtime.ClockTest.testMakeInstantFromMillis(ClockTest.java:50)
</failure>
  </testcase>
  <testcase classname="com.google.appinventor.components.runtime.ClockTest" name="testGetMillis" time="0.001" />
  <system-out><![CDATA[]]></system-out>
  <system-err><![CDATA[]]></system-err>
</testsuite>
