# JRE version: Java(TM) SE Runtime Environment (7.0_79-b15) (build 1.7.0_79-b15)
# Java VM: Java HotSpot(TM) 64-Bit Server VM (24.79-b02 mixed mode bsd-amd64 compressed oops)
Heap
 PSYoungGen      total 70656K, used 14252K [0x00000007d5500000, 0x00000007ddf00000, 0x0000000800000000)
  eden space 67584K, 18% used [0x00000007d5500000,0x00000007d6142e78,0x00000007d9700000)
  from space 3072K, 55% used [0x00000007d9700000,0x00000007d98a8448,0x00000007d9a00000)
  to   space 3072K, 0% used [0x00000007ddc00000,0x00000007ddc00000,0x00000007ddf00000)
 ParOldGen       total 87040K, used 936K [0x0000000780000000, 0x0000000785500000, 0x00000007d5500000)
  object space 87040K, 1% used [0x0000000780000000,0x00000007800ea258,0x0000000785500000)
 PSPermGen       total 21504K, used 8254K [0x000000077ae00000, 0x000000077c300000, 0x0000000780000000)
  object space 21504K, 38% used [0x000000077ae00000,0x000000077b60f8d8,0x000000077c300000)
GC Heap History (10 events):
Event: 5,504 GC heap before
{Heap before GC invocations=3 (full 0):
 PSYoungGen      total 38912K, used 36157K [0x00000007d5500000, 0x00000007d8000000, 0x0000000800000000)
  eden space 33792K, 100% used [0x00000007d5500000,0x00000007d7600000,0x00000007d7600000)
  from space 5120K, 46% used [0x00000007d7b00000,0x00000007d7d4f698,0x00000007d8000000)
  to   space 5120K, 0% used [0x00000007d7600000,0x00000007d7600000,0x00000007d7b00000)
 ParOldGen       total 87040K, used 16K [0x0000000780000000, 0x0000000785500000, 0x00000007d5500000)
  object space 87040K, 0% used [0x0000000780000000,0x0000000780004000,0x0000000785500000)
 PSPermGen       total 21504K, used 6301K [0x000000077ae00000, 0x000000077c300000, 0x0000000780000000)
  object space 21504K, 29% used [0x000000077ae00000,0x000000077b4276c0,0x000000077c300000)
Event: 5,507 GC heap after
Heap after GC invocations=3 (full 0):
 PSYoungGen      total 38912K, used 1016K [0x00000007d5500000, 0x00000007d8000000, 0x0000000800000000)
  eden space 33792K, 0% used [0x00000007d5500000,0x00000007d5500000,0x00000007d7600000)
  from space 5120K, 19% used [0x00000007d7600000,0x00000007d76fe2b8,0x00000007d7b00000)
  to   space 5120K, 0% used [0x00000007d7b00000,0x00000007d7b00000,0x00000007d8000000)
 ParOldGen       total 87040K, used 24K [0x0000000780000000, 0x0000000785500000, 0x00000007d5500000)
  object space 87040K, 0% used [0x0000000780000000,0x0000000780006000,0x0000000785500000)
 PSPermGen       total 21504K, used 6301K [0x000000077ae00000, 0x000000077c300000, 0x0000000780000000)
  object space 21504K, 29% used [0x000000077ae00000,0x000000077b4276c0,0x000000077c300000)
}
Event: 5,634 GC heap before
{Heap before GC invocations=4 (full 0):
 PSYoungGen      total 38912K, used 34673K [0x00000007d5500000, 0x00000007d8000000, 0x0000000800000000)
  eden space 33792K, 99% used [0x00000007d5500000,0x00000007d75de208,0x00000007d7600000)
  from space 5120K, 19% used [0x00000007d7600000,0x00000007d76fe2b8,0x00000007d7b00000)
  to   space 5120K, 0% used [0x00000007d7b00000,0x00000007d7b00000,0x00000007d8000000)
 ParOldGen       total 87040K, used 24K [0x0000000780000000, 0x0000000785500000, 0x00000007d5500000)
  object space 87040K, 0% used [0x0000000780000000,0x0000000780006000,0x0000000785500000)
 PSPermGen       total 21504K, used 6302K [0x000000077ae00000, 0x000000077c300000, 0x0000000780000000)
  object space 21504K, 29% used [0x000000077ae00000,0x000000077b427ac0,0x000000077c300000)
Event: 5,638 GC heap after
Heap after GC invocations=4 (full 0):
 PSYoungGen      total 38912K, used 1113K [0x00000007d5500000, 0x00000007da100000, 0x0000000800000000)
  eden space 33792K, 0% used [0x00000007d5500000,0x00000007d5500000,0x00000007d7600000)
  from space 5120K, 21% used [0x00000007d7b00000,0x00000007d7c16500,0x00000007d8000000)
  to   space 5120K, 0% used [0x00000007d7600000,0x00000007d7600000,0x00000007d7b00000)
 ParOldGen       total 87040K, used 32K [0x0000000780000000, 0x0000000785500000, 0x00000007d5500000)
  object space 87040K, 0% used [0x0000000780000000,0x0000000780008000,0x0000000785500000)
 PSPermGen       total 21504K, used 6302K [0x000000077ae00000, 0x000000077c300000, 0x0000000780000000)
  object space 21504K, 29% used [0x000000077ae00000,0x000000077b427ac0,0x000000077c300000)
}
Event: 6,010 GC heap before
{Heap before GC invocations=5 (full 0):
 PSYoungGen      total 38912K, used 34905K [0x00000007d5500000, 0x00000007da100000, 0x0000000800000000)
  eden space 33792K, 100% used [0x00000007d5500000,0x00000007d7600000,0x00000007d7600000)
  from space 5120K, 21% used [0x00000007d7b00000,0x00000007d7c16500,0x00000007d8000000)
  to   space 5120K, 0% used [0x00000007d7600000,0x00000007d7600000,0x00000007d7b00000)
 ParOldGen       total 87040K, used 32K [0x0000000780000000, 0x0000000785500000, 0x00000007d5500000)
  object space 87040K, 0% used [0x0000000780000000,0x0000000780008000,0x0000000785500000)
 PSPermGen       total 21504K, used 6302K [0x000000077ae00000, 0x000000077c300000, 0x0000000780000000)
  object space 21504K, 29% used [0x000000077ae00000,0x000000077b427ac0,0x000000077c300000)
Event: 6,013 GC heap after
Heap after GC invocations=5 (full 0):
 PSYoungGen      total 38912K, used 1000K [0x00000007d5500000, 0x00000007d9d00000, 0x0000000800000000)
  eden space 33792K, 0% used [0x00000007d5500000,0x00000007d5500000,0x00000007d7600000)
  from space 5120K, 19% used [0x00000007d7600000,0x00000007d76fa2c8,0x00000007d7b00000)
  to   space 3072K, 0% used [0x00000007d9a00000,0x00000007d9a00000,0x00000007d9d00000)
 ParOldGen       total 87040K, used 32K [0x0000000780000000, 0x0000000785500000, 0x00000007d5500000)
  object space 87040K, 0% used [0x0000000780000000,0x0000000780008000,0x0000000785500000)
 PSPermGen       total 21504K, used 6302K [0x000000077ae00000, 0x000000077c300000, 0x0000000780000000)
  object space 21504K, 29% used [0x000000077ae00000,0x000000077b427ac0,0x000000077c300000)
}
Event: 6,181 GC heap before
{Heap before GC invocations=6 (full 0):
 PSYoungGen      total 38912K, used 34792K [0x00000007d5500000, 0x00000007d9d00000, 0x0000000800000000)
  eden space 33792K, 100% used [0x00000007d5500000,0x00000007d7600000,0x00000007d7600000)
  from space 5120K, 19% used [0x00000007d7600000,0x00000007d76fa2c8,0x00000007d7b00000)
  to   space 3072K, 0% used [0x00000007d9a00000,0x00000007d9a00000,0x00000007d9d00000)
 ParOldGen       total 87040K, used 32K [0x0000000780000000, 0x0000000785500000, 0x00000007d5500000)
  object space 87040K, 0% used [0x0000000780000000,0x0000000780008000,0x0000000785500000)
 PSPermGen       total 21504K, used 6302K [0x000000077ae00000, 0x000000077c300000, 0x0000000780000000)
  object space 21504K, 29% used [0x000000077ae00000,0x000000077b427ac0,0x000000077c300000)
Event: 6,183 GC heap after
Heap after GC invocations=6 (full 0):
 PSYoungGen      total 70656K, used 936K [0x00000007d5500000, 0x00000007d9d00000, 0x0000000800000000)
  eden space 67584K, 0% used [0x00000007d5500000,0x00000007d5500000,0x00000007d9700000)
  from space 3072K, 30% used [0x00000007d9a00000,0x00000007d9aea2c8,0x00000007d9d00000)
  to   space 3072K, 0% used [0x00000007d9700000,0x00000007d9700000,0x00000007d9a00000)
 ParOldGen       total 87040K, used 40K [0x0000000780000000, 0x0000000785500000, 0x00000007d5500000)
  object space 87040K, 0% used [0x0000000780000000,0x000000078000a000,0x0000000785500000)
 PSPermGen       total 21504K, used 6302K [0x000000077ae00000, 0x000000077c300000, 0x0000000780000000)
  object space 21504K, 29% used [0x000000077ae00000,0x000000077b427ac0,0x000000077c300000)
}
Event: 7,007 GC heap before
{Heap before GC invocations=7 (full 0):
 PSYoungGen      total 70656K, used 68520K [0x00000007d5500000, 0x00000007d9d00000, 0x0000000800000000)
  eden space 67584K, 100% used [0x00000007d5500000,0x00000007d9700000,0x00000007d9700000)
  from space 3072K, 30% used [0x00000007d9a00000,0x00000007d9aea2c8,0x00000007d9d00000)
  to   space 3072K, 0% used [0x00000007d9700000,0x00000007d9700000,0x00000007d9a00000)
 ParOldGen       total 87040K, used 40K [0x0000000780000000, 0x0000000785500000, 0x00000007d5500000)
  object space 87040K, 0% used [0x0000000780000000,0x000000078000a000,0x0000000785500000)
 PSPermGen       total 21504K, used 7826K [0x000000077ae00000, 0x000000077c300000, 0x0000000780000000)
  object space 21504K, 36% used [0x000000077ae00000,0x000000077b5a4878,0x000000077c300000)
Event: 7,014 GC heap after
Heap after GC invocations=7 (full 0):
 PSYoungGen      total 70656K, used 1697K [0x00000007d5500000, 0x00000007ddf00000, 0x0000000800000000)
  eden space 67584K, 0% used [0x00000007d5500000,0x00000007d5500000,0x00000007d9700000)
  from space 3072K, 55% used [0x00000007d9700000,0x00000007d98a8448,0x00000007d9a00000)
  to   space 3072K, 0% used [0x00000007ddc00000,0x00000007ddc00000,0x00000007ddf00000)
 ParOldGen       total 87040K, used 936K [0x0000000780000000, 0x0000000785500000, 0x00000007d5500000)
  object space 87040K, 1% used [0x0000000780000000,0x00000007800ea258,0x0000000785500000)
 PSPermGen       total 21504K, used 7826K [0x000000077ae00000, 0x000000077c300000, 0x0000000780000000)
  object space 21504K, 36% used [0x000000077ae00000,0x000000077b5a4878,0x000000077c300000)
}

